<?xml version="1.0" encoding="UTF-8"?>
<testsuite xmlns:xsi="http://www.w3.org/2001/XMLSchema-instance" xsi:noNamespaceSchemaLocation="https://maven.apache.org/surefire/maven-surefire-plugin/xsd/surefire-test-report-3.0.xsd" version="3.0" name="kafka.tests.PositiveOrderTests" time="10.832" tests="3" errors="0" skipped="0" failures="0">
  <properties>
[...]
</properties>
  <testcase name="shouldAcceptValidOrders(String, double, String, OrderStatus, String)[1]" classname="kafka.tests.PositiveOrderTests" time="1.503">
    <system-out><![CDATA[2026-03-05T10:19:07.828+04:00  INFO 13716 --- [           main] tc.confluentinc/cp-kafka:7.5.0           : Creating container for image: confluentinc/cp-kafka:7.5.0
2026-03-05T10:19:07.941+04:00  INFO 13716 --- [           main] tc.confluentinc/cp-kafka:7.5.0           : Container confluentinc/cp-kafka:7.5.0 is starting: 0639df70725df24b9ef9754fa60c2d08afcc787fc1b0848560c7b0a05e1a88b2
2026-03-05T10:19:13.759+04:00  INFO 13716 --- [           main] tc.confluentinc/cp-kafka:7.5.0           : Container confluentinc/cp-kafka:7.5.0 started in PT5.9302877S

  .   ____          _            __ _ _
 /\\ / ___'_ __ _ _(_)_ __  __ _ \ \ \ \
( ( )\___ | '_ | '_| | '_ \/ _` | \ \ \ \
 \\/  ___)| |_)| | | | | || (_| |  ) ) ) )
  '  |____| .__|_| |_|_| |_\__, | / / / /
 =========|_|==============|___/=/_/_/_/
 :: Spring Boot ::                (v3.2.0)

2026-03-05T10:19:13.840+04:00  INFO 13716 --- [           main] kafka.tests.BaseTest                     : Kafka Bootstrap Servers: PLAINTEXT://localhost:51947
2026-03-05T10:19:13.842+04:00  INFO 13716 --- [           main] kafka.tests.PositiveOrderTests           : Starting PositiveOrderTests using Java 23.0.1 with PID 13716 (started by Никита in C:\Users\79371\source\KafkaJunit\demo)
2026-03-05T10:19:13.843+04:00  INFO 13716 --- [           main] kafka.tests.PositiveOrderTests           : The following 1 profile is active: "test"
2026-03-05T10:19:14.160+04:00  INFO 13716 --- [           main] o.a.k.clients.consumer.ConsumerConfig    : ConsumerConfig values: 
	allow.auto.create.topics = true
	auto.commit.interval.ms = 5000
	auto.include.jmx.reporter = true
	auto.offset.reset = earliest
	bootstrap.servers = [PLAINTEXT://localhost:51947]
	check.crcs = true
	client.dns.lookup = use_all_dns_ips
	client.id = consumer-order-process-group-5
	client.rack = 
	connections.max.idle.ms = 540000
	default.api.timeout.ms = 60000
	enable.auto.commit = false
	exclude.internal.topics = true
	fetch.max.bytes = 52428800
	fetch.max.wait.ms = 500
	fetch.min.bytes = 1
	group.id = order-process-group
	group.instance.id = null
	heartbeat.interval.ms = 3000
	interceptor.classes = []
	internal.leave.group.on.close = true
	internal.throw.on.fetch.stable.offset.unsupported = false
	isolation.level = read_uncommitted
	key.deserializer = class org.apache.kafka.common.serialization.StringDeserializer
	max.partition.fetch.bytes = 1048576
	max.poll.interval.ms = 300000
	max.poll.records = 500
	metadata.max.age.ms = 300000
	metric.reporters = []
	metrics.num.samples = 2
	metrics.recording.level = INFO
	metrics.sample.window.ms = 30000
	partition.assignment.strategy = [class org.apache.kafka.clients.consumer.RangeAssignor, class org.apache.kafka.clients.consumer.CooperativeStickyAssignor]
	receive.buffer.bytes = 65536
	reconnect.backoff.max.ms = 1000
	reconnect.backoff.ms = 50
	request.timeout.ms = 30000
	retry.backoff.ms = 100
	sasl.client.callback.handler.class = null
	sasl.jaas.config = null
	sasl.kerberos.kinit.cmd = /usr/bin/kinit
	sasl.kerberos.min.time.before.relogin = 60000
	sasl.kerberos.service.name = null
	sasl.kerberos.ticket.renew.jitter = 0.05
	sasl.kerberos.ticket.renew.window.factor = 0.8
	sasl.login.callback.handler.class = null
	sasl.login.class = null
	sasl.login.connect.timeout.ms = null
	sasl.login.read.timeout.ms = null
	sasl.login.refresh.buffer.seconds = 300
	sasl.login.refresh.min.period.seconds = 60
	sasl.login.refresh.window.factor = 0.8
	sasl.login.refresh.window.jitter = 0.05
	sasl.login.retry.backoff.max.ms = 10000
	sasl.login.retry.backoff.ms = 100
	sasl.mechanism = GSSAPI
	sasl.oauthbearer.clock.skew.seconds = 30
	sasl.oauthbearer.expected.audience = null
	sasl.oauthbearer.expected.issuer = null
	sasl.oauthbearer.jwks.endpoint.refresh.ms = 3600000
	sasl.oauthbearer.jwks.endpoint.retry.backoff.max.ms = 10000
	sasl.oauthbearer.jwks.endpoint.retry.backoff.ms = 100
	sasl.oauthbearer.jwks.endpoint.url = null
	sasl.oauthbearer.scope.claim.name = scope
	sasl.oauthbearer.sub.claim.name = sub
	sasl.oauthbearer.token.endpoint.url = null
	security.protocol = PLAINTEXT
	security.providers = null
	send.buffer.bytes = 131072
	session.timeout.ms = 45000
	socket.connection.setup.timeout.max.ms = 30000
	socket.connection.setup.timeout.ms = 10000
	ssl.cipher.suites = null
	ssl.enabled.protocols = [TLSv1.2, TLSv1.3]
	ssl.endpoint.identification.algorithm = https
	ssl.engine.factory.class = null
	ssl.key.password = null
	ssl.keymanager.algorithm = SunX509
	ssl.keystore.certificate.chain = null
	ssl.keystore.key = null
	ssl.keystore.location = null
	ssl.keystore.password = null
	ssl.keystore.type = JKS
	ssl.protocol = TLSv1.3
	ssl.provider = null
	ssl.secure.random.implementation = null
	ssl.trustmanager.algorithm = PKIX
	ssl.truststore.certificates = null
	ssl.truststore.location = null
	ssl.truststore.password = null
	ssl.truststore.type = JKS
	value.deserializer = class org.springframework.kafka.support.serializer.JsonDeserializer

2026-03-05T10:19:14.165+04:00  INFO 13716 --- [           main] o.a.kafka.common.utils.AppInfoParser     : Kafka version: 3.6.0
2026-03-05T10:19:14.165+04:00  INFO 13716 --- [           main] o.a.kafka.common.utils.AppInfoParser     : Kafka commitId: 60e845626d8a465a
2026-03-05T10:19:14.165+04:00  INFO 13716 --- [           main] o.a.kafka.common.utils.AppInfoParser     : Kafka startTimeMs: 1772691554165
2026-03-05T10:19:14.166+04:00  INFO 13716 --- [           main] fkaConsumerFactory$ExtendedKafkaConsumer : [Consumer clientId=consumer-order-process-group-5, groupId=order-process-group] Subscribed to topic(s): orders.created
2026-03-05T10:19:14.169+04:00  INFO 13716 --- [           main] kafka.tests.PositiveOrderTests           : Started PositiveOrderTests in 0.39 seconds (process running for 24.948)
2026-03-05T10:19:14.181+04:00  INFO 13716 --- [           main] o.a.k.clients.consumer.ConsumerConfig    : ConsumerConfig values: 
	allow.auto.create.topics = true
	auto.commit.interval.ms = 5000
	auto.include.jmx.reporter = true
	auto.offset.reset = earliest
	bootstrap.servers = [PLAINTEXT://localhost:51947]
	check.crcs = true
	client.dns.lookup = use_all_dns_ips
	client.id = consumer-test-group-e78ed4e1-b1ad-4410-9fee-b2429b92baf6-6
	client.rack = 
	connections.max.idle.ms = 540000
	default.api.timeout.ms = 60000
	enable.auto.commit = true
	exclude.internal.topics = true
	fetch.max.bytes = 52428800
	fetch.max.wait.ms = 500
	fetch.min.bytes = 1
	group.id = test-group-e78ed4e1-b1ad-4410-9fee-b2429b92baf6
	group.instance.id = null
	heartbeat.interval.ms = 3000
	interceptor.classes = []
	internal.leave.group.on.close = true
	internal.throw.on.fetch.stable.offset.unsupported = false
	isolation.level = read_uncommitted
	key.deserializer = class org.apache.kafka.common.serialization.StringDeserializer
	max.partition.fetch.bytes = 1048576
	max.poll.interval.ms = 300000
	max.poll.records = 500
	metadata.max.age.ms = 300000
	metric.reporters = []
	metrics.num.samples = 2
	metrics.recording.level = INFO
	metrics.sample.window.ms = 30000
	partition.assignment.strategy = [class org.apache.kafka.clients.consumer.RangeAssignor, class org.apache.kafka.clients.consumer.CooperativeStickyAssignor]
	receive.buffer.bytes = 65536
	reconnect.backoff.max.ms = 1000
	reconnect.backoff.ms = 50
	request.timeout.ms = 30000
	retry.backoff.ms = 100
	sasl.client.callback.handler.class = null
	sasl.jaas.config = null
	sasl.kerberos.kinit.cmd = /usr/bin/kinit
	sasl.kerberos.min.time.before.relogin = 60000
	sasl.kerberos.service.name = null
	sasl.kerberos.ticket.renew.jitter = 0.05
	sasl.kerberos.ticket.renew.window.factor = 0.8
	sasl.login.callback.handler.class = null
	sasl.login.class = null
	sasl.login.connect.timeout.ms = null
	sasl.login.read.timeout.ms = null
	sasl.login.refresh.buffer.seconds = 300
	sasl.login.refresh.min.period.seconds = 60
	sasl.login.refresh.window.factor = 0.8
	sasl.login.refresh.window.jitter = 0.05
	sasl.login.retry.backoff.max.ms = 10000
	sasl.login.retry.backoff.ms = 100
	sasl.mechanism = GSSAPI
	sasl.oauthbearer.clock.skew.seconds = 30
	sasl.oauthbearer.expected.audience = null
	sasl.oauthbearer.expected.issuer = null
	sasl.oauthbearer.jwks.endpoint.refresh.ms = 3600000
	sasl.oauthbearer.jwks.endpoint.retry.backoff.max.ms = 10000
	sasl.oauthbearer.jwks.endpoint.retry.backoff.ms = 100
	sasl.oauthbearer.jwks.endpoint.url = null
	sasl.oauthbearer.scope.claim.name = scope
	sasl.oauthbearer.sub.claim.name = sub
	sasl.oauthbearer.token.endpoint.url = null
	security.protocol = PLAINTEXT
	security.providers = null
	send.buffer.bytes = 131072
	session.timeout.ms = 45000
	socket.connection.setup.timeout.max.ms = 30000
	socket.connection.setup.timeout.ms = 10000
	ssl.cipher.suites = null
	ssl.enabled.protocols = [TLSv1.2, TLSv1.3]
	ssl.endpoint.identification.algorithm = https
	ssl.engine.factory.class = null
	ssl.key.password = null
	ssl.keymanager.algorithm = SunX509
	ssl.keystore.certificate.chain = null
	ssl.keystore.key = null
	ssl.keystore.location = null
	ssl.keystore.password = null
	ssl.keystore.type = JKS
	ssl.protocol = TLSv1.3
	ssl.provider = null
	ssl.secure.random.implementation = null
	ssl.trustmanager.algorithm = PKIX
	ssl.truststore.certificates = null
	ssl.truststore.location = null
	ssl.truststore.password = null
	ssl.truststore.type = JKS
	value.deserializer = class org.springframework.kafka.support.serializer.JsonDeserializer

2026-03-05T10:19:14.188+04:00  INFO 13716 --- [           main] o.a.kafka.common.utils.AppInfoParser     : Kafka version: 3.6.0
2026-03-05T10:19:14.189+04:00  INFO 13716 --- [           main] o.a.kafka.common.utils.AppInfoParser     : Kafka commitId: 60e845626d8a465a
2026-03-05T10:19:14.189+04:00  INFO 13716 --- [           main] o.a.kafka.common.utils.AppInfoParser     : Kafka startTimeMs: 1772691554188
2026-03-05T10:19:14.190+04:00  INFO 13716 --- [           main] kafka.tests.BaseTest                     : Kafka Test Environment Ready: PLAINTEXT://localhost:51947
2026-03-05T10:19:14.195+04:00  INFO 13716 --- [           main] kafka.tests.PositiveOrderTests           : >>> Start Positive Test: Standard
2026-03-05T10:19:14.201+04:00  INFO 13716 --- [           main] o.a.k.clients.producer.ProducerConfig    : ProducerConfig values: 
	acks = -1
	auto.include.jmx.reporter = true
	batch.size = 16384
	bootstrap.servers = [PLAINTEXT://localhost:51947]
	buffer.memory = 33554432
	client.dns.lookup = use_all_dns_ips
	client.id = producer-2
	compression.type = none
	connections.max.idle.ms = 540000
	delivery.timeout.ms = 120000
	enable.idempotence = true
	interceptor.classes = []
	key.serializer = class org.apache.kafka.common.serialization.StringSerializer
	linger.ms = 0
	max.block.ms = 60000
	max.in.flight.requests.per.connection = 5
	max.request.size = 1048576
	metadata.max.age.ms = 300000
	metadata.max.idle.ms = 300000
	metric.reporters = []
	metrics.num.samples = 2
	metrics.recording.level = INFO
	metrics.sample.window.ms = 30000
	partitioner.adaptive.partitioning.enable = true
	partitioner.availability.timeout.ms = 0
	partitioner.class = null
	partitioner.ignore.keys = false
	receive.buffer.bytes = 32768
	reconnect.backoff.max.ms = 1000
	reconnect.backoff.ms = 50
	request.timeout.ms = 30000
	retries = 2147483647
	retry.backoff.ms = 100
	sasl.client.callback.handler.class = null
	sasl.jaas.config = null
	sasl.kerberos.kinit.cmd = /usr/bin/kinit
	sasl.kerberos.min.time.before.relogin = 60000
	sasl.kerberos.service.name = null
	sasl.kerberos.ticket.renew.jitter = 0.05
	sasl.kerberos.ticket.renew.window.factor = 0.8
	sasl.login.callback.handler.class = null
	sasl.login.class = null
	sasl.login.connect.timeout.ms = null
	sasl.login.read.timeout.ms = null
	sasl.login.refresh.buffer.seconds = 300
	sasl.login.refresh.min.period.seconds = 60
	sasl.login.refresh.window.factor = 0.8
	sasl.login.refresh.window.jitter = 0.05
	sasl.login.retry.backoff.max.ms = 10000
	sasl.login.retry.backoff.ms = 100
	sasl.mechanism = GSSAPI
	sasl.oauthbearer.clock.skew.seconds = 30
	sasl.oauthbearer.expected.audience = null
	sasl.oauthbearer.expected.issuer = null
	sasl.oauthbearer.jwks.endpoint.refresh.ms = 3600000
	sasl.oauthbearer.jwks.endpoint.retry.backoff.max.ms = 10000
	sasl.oauthbearer.jwks.endpoint.retry.backoff.ms = 100
	sasl.oauthbearer.jwks.endpoint.url = null
	sasl.oauthbearer.scope.claim.name = scope
	sasl.oauthbearer.sub.claim.name = sub
	sasl.oauthbearer.token.endpoint.url = null
	security.protocol = PLAINTEXT
	security.providers = null
	send.buffer.bytes = 131072
	socket.connection.setup.timeout.max.ms = 30000
	socket.connection.setup.timeout.ms = 10000
	ssl.cipher.suites = null
	ssl.enabled.protocols = [TLSv1.2, TLSv1.3]
	ssl.endpoint.identification.algorithm = https
	ssl.engine.factory.class = null
	ssl.key.password = null
	ssl.keymanager.algorithm = SunX509
	ssl.keystore.certificate.chain = null
	ssl.keystore.key = null
	ssl.keystore.location = null
	ssl.keystore.password = null
	ssl.keystore.type = JKS
	ssl.protocol = TLSv1.3
	ssl.provider = null
	ssl.secure.random.implementation = null
	ssl.trustmanager.algorithm = PKIX
	ssl.truststore.certificates = null
	ssl.truststore.location = null
	ssl.truststore.password = null
	ssl.truststore.type = JKS
	transaction.timeout.ms = 60000
	transactional.id = null
	value.serializer = class org.springframework.kafka.support.serializer.JsonSerializer

2026-03-05T10:19:14.202+04:00  INFO 13716 --- [           main] o.a.k.clients.producer.KafkaProducer     : [Producer clientId=producer-2] Instantiated an idempotent producer.
2026-03-05T10:19:14.215+04:00  INFO 13716 --- [           main] o.a.kafka.common.utils.AppInfoParser     : Kafka version: 3.6.0
2026-03-05T10:19:14.216+04:00  INFO 13716 --- [           main] o.a.kafka.common.utils.AppInfoParser     : Kafka commitId: 60e845626d8a465a
2026-03-05T10:19:14.216+04:00  INFO 13716 --- [           main] o.a.kafka.common.utils.AppInfoParser     : Kafka startTimeMs: 1772691554215
2026-03-05T10:19:14.243+04:00  WARN 13716 --- [ad | producer-2] org.apache.kafka.clients.NetworkClient   : [Producer clientId=producer-2] Error while fetching metadata with correlation id 1 : {orders.created=UNKNOWN_TOPIC_OR_PARTITION}
2026-03-05T10:19:14.244+04:00  INFO 13716 --- [ad | producer-2] org.apache.kafka.clients.Metadata        : [Producer clientId=producer-2] Cluster ID: Pyy7ZybRThiCCf-d1tPvTw
2026-03-05T10:19:14.299+04:00  INFO 13716 --- [ad | producer-2] o.a.k.c.p.internals.TransactionManager   : [Producer clientId=producer-2] ProducerId set to 0 with epoch 0
2026-03-05T10:19:14.311+04:00  WARN 13716 --- [ntainer#0-0-C-1] org.apache.kafka.clients.NetworkClient   : [Consumer clientId=consumer-order-process-group-5, groupId=order-process-group] Error while fetching metadata with correlation id 2 : {orders.created=LEADER_NOT_AVAILABLE}
2026-03-05T10:19:14.312+04:00  INFO 13716 --- [ntainer#0-0-C-1] org.apache.kafka.clients.Metadata        : [Consumer clientId=consumer-order-process-group-5, groupId=order-process-group] Cluster ID: Pyy7ZybRThiCCf-d1tPvTw
2026-03-05T10:19:14.368+04:00  WARN 13716 --- [ad | producer-2] org.apache.kafka.clients.NetworkClient   : [Producer clientId=producer-2] Error while fetching metadata with correlation id 4 : {orders.created=LEADER_NOT_AVAILABLE}
2026-03-05T10:19:14.423+04:00  WARN 13716 --- [ntainer#0-0-C-1] org.apache.kafka.clients.NetworkClient   : [Consumer clientId=consumer-order-process-group-5, groupId=order-process-group] Error while fetching metadata with correlation id 4 : {orders.created=LEADER_NOT_AVAILABLE}
2026-03-05T10:19:14.474+04:00  WARN 13716 --- [ad | producer-2] org.apache.kafka.clients.NetworkClient   : [Producer clientId=producer-2] Error while fetching metadata with correlation id 5 : {orders.created=LEADER_NOT_AVAILABLE}
2026-03-05T10:19:14.532+04:00  INFO 13716 --- [ntainer#0-0-C-1] o.a.k.c.c.internals.ConsumerCoordinator  : [Consumer clientId=consumer-order-process-group-5, groupId=order-process-group] Discovered group coordinator localhost:51947 (id: 2147483646 rack: null)
2026-03-05T10:19:14.533+04:00  INFO 13716 --- [ntainer#0-0-C-1] o.a.k.c.c.internals.ConsumerCoordinator  : [Consumer clientId=consumer-order-process-group-5, groupId=order-process-group] (Re-)joining group
2026-03-05T10:19:14.550+04:00  INFO 13716 --- [ntainer#0-0-C-1] o.a.k.c.c.internals.ConsumerCoordinator  : [Consumer clientId=consumer-order-process-group-5, groupId=order-process-group] Request joining group due to: need to re-join with the given member-id: consumer-order-process-group-5-b480c7cd-eed4-4f3c-9c55-c2f693994ae9
2026-03-05T10:19:14.550+04:00  INFO 13716 --- [ntainer#0-0-C-1] o.a.k.c.c.internals.ConsumerCoordinator  : [Consumer clientId=consumer-order-process-group-5, groupId=order-process-group] Request joining group due to: rebalance failed due to 'The group member needs to have a valid member id before actually entering a consumer group.' (MemberIdRequiredException)
2026-03-05T10:19:14.550+04:00  INFO 13716 --- [ntainer#0-0-C-1] o.a.k.c.c.internals.ConsumerCoordinator  : [Consumer clientId=consumer-order-process-group-5, groupId=order-process-group] (Re-)joining group
2026-03-05T10:19:14.574+04:00  INFO 13716 --- [ntainer#0-0-C-1] o.a.k.c.c.internals.ConsumerCoordinator  : [Consumer clientId=consumer-order-process-group-5, groupId=order-process-group] Successfully joined group with generation Generation{generationId=1, memberId='consumer-order-process-group-5-b480c7cd-eed4-4f3c-9c55-c2f693994ae9', protocol='range'}
2026-03-05T10:19:14.574+04:00  INFO 13716 --- [ntainer#0-0-C-1] o.a.k.c.c.internals.ConsumerCoordinator  : [Consumer clientId=consumer-order-process-group-5, groupId=order-process-group] Finished assignment for group at generation 1: {consumer-order-process-group-5-b480c7cd-eed4-4f3c-9c55-c2f693994ae9=Assignment(partitions=[orders.created-0])}
2026-03-05T10:19:14.624+04:00  INFO 13716 --- [ntainer#0-0-C-1] o.a.k.c.c.internals.ConsumerCoordinator  : [Consumer clientId=consumer-order-process-group-5, groupId=order-process-group] Successfully synced group in generation Generation{generationId=1, memberId='consumer-order-process-group-5-b480c7cd-eed4-4f3c-9c55-c2f693994ae9', protocol='range'}
2026-03-05T10:19:14.625+04:00  INFO 13716 --- [           main] fkaConsumerFactory$ExtendedKafkaConsumer : [Consumer clientId=consumer-test-group-e78ed4e1-b1ad-4410-9fee-b2429b92baf6-6, groupId=test-group-e78ed4e1-b1ad-4410-9fee-b2429b92baf6] Subscribed to topic(s): orders.processed
2026-03-05T10:19:14.625+04:00  INFO 13716 --- [ntainer#0-0-C-1] o.a.k.c.c.internals.ConsumerCoordinator  : [Consumer clientId=consumer-order-process-group-5, groupId=order-process-group] Notifying assignor about the new Assignment(partitions=[orders.created-0])
2026-03-05T10:19:14.625+04:00  INFO 13716 --- [ntainer#0-0-C-1] o.a.k.c.c.internals.ConsumerCoordinator  : [Consumer clientId=consumer-order-process-group-5, groupId=order-process-group] Adding newly assigned partitions: orders.created-0
2026-03-05T10:19:14.638+04:00  INFO 13716 --- [ntainer#0-0-C-1] o.a.k.c.c.internals.ConsumerCoordinator  : [Consumer clientId=consumer-order-process-group-5, groupId=order-process-group] Found no committed offset for partition orders.created-0
2026-03-05T10:19:14.647+04:00  INFO 13716 --- [ntainer#0-0-C-1] o.a.k.c.c.internals.SubscriptionState    : [Consumer clientId=consumer-order-process-group-5, groupId=order-process-group] Resetting offset for partition orders.created-0 to position FetchPosition{offset=0, offsetEpoch=Optional.empty, currentLeader=LeaderAndEpoch{leader=Optional[localhost:51947 (id: 1 rack: null)], epoch=0}}.
2026-03-05T10:19:14.648+04:00  INFO 13716 --- [ntainer#0-0-C-1] o.s.k.l.KafkaMessageListenerContainer    : order-process-group: partitions assigned: [orders.created-0]
2026-03-05T10:19:14.690+04:00  INFO 13716 --- [ntainer#0-0-C-1] c.example.kafka.Service.OrderProcessor   : Received order: POS-001
2026-03-05T10:19:14.691+04:00  INFO 13716 --- [ntainer#0-0-C-1] c.example.kafka.Service.OrderProcessor   : Order POS-001 accepted
2026-03-05T10:19:14.709+04:00  WARN 13716 --- [ad | producer-2] org.apache.kafka.clients.NetworkClient   : [Producer clientId=producer-2] Error while fetching metadata with correlation id 8 : {orders.processed=LEADER_NOT_AVAILABLE}
2026-03-05T10:19:14.812+04:00  INFO 13716 --- [ad | producer-2] org.apache.kafka.clients.Metadata        : [Producer clientId=producer-2] Resetting the last seen epoch of partition orders.created-0 to 0 since the associated topicId changed from null to aENSKQBdT02TyTgnpRW_OQ
2026-03-05T10:19:15.136+04:00  INFO 13716 --- [aitility-thread] org.apache.kafka.clients.Metadata        : [Consumer clientId=consumer-test-group-e78ed4e1-b1ad-4410-9fee-b2429b92baf6-6, groupId=test-group-e78ed4e1-b1ad-4410-9fee-b2429b92baf6] Cluster ID: Pyy7ZybRThiCCf-d1tPvTw
2026-03-05T10:19:15.137+04:00  INFO 13716 --- [aitility-thread] o.a.k.c.c.internals.ConsumerCoordinator  : [Consumer clientId=consumer-test-group-e78ed4e1-b1ad-4410-9fee-b2429b92baf6-6, groupId=test-group-e78ed4e1-b1ad-4410-9fee-b2429b92baf6] Discovered group coordinator localhost:51947 (id: 2147483646 rack: null)
2026-03-05T10:19:15.139+04:00  INFO 13716 --- [aitility-thread] o.a.k.c.c.internals.ConsumerCoordinator  : [Consumer clientId=consumer-test-group-e78ed4e1-b1ad-4410-9fee-b2429b92baf6-6, groupId=test-group-e78ed4e1-b1ad-4410-9fee-b2429b92baf6] (Re-)joining group
2026-03-05T10:19:15.143+04:00  INFO 13716 --- [aitility-thread] o.a.k.c.c.internals.ConsumerCoordinator  : [Consumer clientId=consumer-test-group-e78ed4e1-b1ad-4410-9fee-b2429b92baf6-6, groupId=test-group-e78ed4e1-b1ad-4410-9fee-b2429b92baf6] Request joining group due to: need to re-join with the given member-id: consumer-test-group-e78ed4e1-b1ad-4410-9fee-b2429b92baf6-6-6d54298f-ae06-4284-822b-60bccf8705df
2026-03-05T10:19:15.144+04:00  INFO 13716 --- [aitility-thread] o.a.k.c.c.internals.ConsumerCoordinator  : [Consumer clientId=consumer-test-group-e78ed4e1-b1ad-4410-9fee-b2429b92baf6-6, groupId=test-group-e78ed4e1-b1ad-4410-9fee-b2429b92baf6] Request joining group due to: rebalance failed due to 'The group member needs to have a valid member id before actually entering a consumer group.' (MemberIdRequiredException)
2026-03-05T10:19:15.144+04:00  INFO 13716 --- [aitility-thread] o.a.k.c.c.internals.ConsumerCoordinator  : [Consumer clientId=consumer-test-group-e78ed4e1-b1ad-4410-9fee-b2429b92baf6-6, groupId=test-group-e78ed4e1-b1ad-4410-9fee-b2429b92baf6] (Re-)joining group
2026-03-05T10:19:15.149+04:00  INFO 13716 --- [aitility-thread] o.a.k.c.c.internals.ConsumerCoordinator  : [Consumer clientId=consumer-test-group-e78ed4e1-b1ad-4410-9fee-b2429b92baf6-6, groupId=test-group-e78ed4e1-b1ad-4410-9fee-b2429b92baf6] Successfully joined group with generation Generation{generationId=1, memberId='consumer-test-group-e78ed4e1-b1ad-4410-9fee-b2429b92baf6-6-6d54298f-ae06-4284-822b-60bccf8705df', protocol='range'}
2026-03-05T10:19:15.149+04:00  INFO 13716 --- [aitility-thread] o.a.k.c.c.internals.ConsumerCoordinator  : [Consumer clientId=consumer-test-group-e78ed4e1-b1ad-4410-9fee-b2429b92baf6-6, groupId=test-group-e78ed4e1-b1ad-4410-9fee-b2429b92baf6] Finished assignment for group at generation 1: {consumer-test-group-e78ed4e1-b1ad-4410-9fee-b2429b92baf6-6-6d54298f-ae06-4284-822b-60bccf8705df=Assignment(partitions=[orders.processed-0])}
2026-03-05T10:19:15.155+04:00  INFO 13716 --- [aitility-thread] o.a.k.c.c.internals.ConsumerCoordinator  : [Consumer clientId=consumer-test-group-e78ed4e1-b1ad-4410-9fee-b2429b92baf6-6, groupId=test-group-e78ed4e1-b1ad-4410-9fee-b2429b92baf6] Successfully synced group in generation Generation{generationId=1, memberId='consumer-test-group-e78ed4e1-b1ad-4410-9fee-b2429b92baf6-6-6d54298f-ae06-4284-822b-60bccf8705df', protocol='range'}
2026-03-05T10:19:15.155+04:00  INFO 13716 --- [aitility-thread] o.a.k.c.c.internals.ConsumerCoordinator  : [Consumer clientId=consumer-test-group-e78ed4e1-b1ad-4410-9fee-b2429b92baf6-6, groupId=test-group-e78ed4e1-b1ad-4410-9fee-b2429b92baf6] Notifying assignor about the new Assignment(partitions=[orders.processed-0])
2026-03-05T10:19:15.155+04:00  INFO 13716 --- [aitility-thread] o.a.k.c.c.internals.ConsumerCoordinator  : [Consumer clientId=consumer-test-group-e78ed4e1-b1ad-4410-9fee-b2429b92baf6-6, groupId=test-group-e78ed4e1-b1ad-4410-9fee-b2429b92baf6] Adding newly assigned partitions: orders.processed-0
2026-03-05T10:19:15.158+04:00  INFO 13716 --- [aitility-thread] o.a.k.c.c.internals.ConsumerCoordinator  : [Consumer clientId=consumer-test-group-e78ed4e1-b1ad-4410-9fee-b2429b92baf6-6, groupId=test-group-e78ed4e1-b1ad-4410-9fee-b2429b92baf6] Found no committed offset for partition orders.processed-0
2026-03-05T10:19:15.164+04:00  INFO 13716 --- [aitility-thread] o.a.k.c.c.internals.SubscriptionState    : [Consumer clientId=consumer-test-group-e78ed4e1-b1ad-4410-9fee-b2429b92baf6-6, groupId=test-group-e78ed4e1-b1ad-4410-9fee-b2429b92baf6] Resetting offset for partition orders.processed-0 to position FetchPosition{offset=0, offsetEpoch=Optional.empty, currentLeader=LeaderAndEpoch{leader=Optional[localhost:51947 (id: 1 rack: null)], epoch=0}}.
2026-03-05T10:19:15.170+04:00  INFO 13716 --- [           main] kafka.tests.PositiveOrderTests           : <<< Test Passed: Standard
2026-03-05T10:19:15.175+04:00  INFO 13716 --- [           main] o.a.k.c.c.internals.ConsumerCoordinator  : [Consumer clientId=consumer-test-group-e78ed4e1-b1ad-4410-9fee-b2429b92baf6-6, groupId=test-group-e78ed4e1-b1ad-4410-9fee-b2429b92baf6] Revoke previously assigned partitions orders.processed-0
2026-03-05T10:19:15.175+04:00  INFO 13716 --- [           main] o.a.k.c.c.internals.ConsumerCoordinator  : [Consumer clientId=consumer-test-group-e78ed4e1-b1ad-4410-9fee-b2429b92baf6-6, groupId=test-group-e78ed4e1-b1ad-4410-9fee-b2429b92baf6] Member consumer-test-group-e78ed4e1-b1ad-4410-9fee-b2429b92baf6-6-6d54298f-ae06-4284-822b-60bccf8705df sending LeaveGroup request to coordinator localhost:51947 (id: 2147483646 rack: null) due to the consumer is being closed
2026-03-05T10:19:15.176+04:00  INFO 13716 --- [           main] o.a.k.c.c.internals.ConsumerCoordinator  : [Consumer clientId=consumer-test-group-e78ed4e1-b1ad-4410-9fee-b2429b92baf6-6, groupId=test-group-e78ed4e1-b1ad-4410-9fee-b2429b92baf6] Resetting generation and member id due to: consumer pro-actively leaving the group
2026-03-05T10:19:15.176+04:00  INFO 13716 --- [           main] o.a.k.c.c.internals.ConsumerCoordinator  : [Consumer clientId=consumer-test-group-e78ed4e1-b1ad-4410-9fee-b2429b92baf6-6, groupId=test-group-e78ed4e1-b1ad-4410-9fee-b2429b92baf6] Request joining group due to: consumer pro-actively leaving the group
2026-03-05T10:19:15.675+04:00  INFO 13716 --- [           main] o.apache.kafka.common.metrics.Metrics    : Metrics scheduler closed
2026-03-05T10:19:15.675+04:00  INFO 13716 --- [           main] o.apache.kafka.common.metrics.Metrics    : Closing reporter org.apache.kafka.common.metrics.JmxReporter
2026-03-05T10:19:15.675+04:00  INFO 13716 --- [           main] o.apache.kafka.common.metrics.Metrics    : Metrics reporters closed
2026-03-05T10:19:15.677+04:00  INFO 13716 --- [           main] o.a.kafka.common.utils.AppInfoParser     : App info kafka.consumer for consumer-test-group-e78ed4e1-b1ad-4410-9fee-b2429b92baf6-6 unregistered
2026-03-05T10:19:15.677+04:00  INFO 13716 --- [           main] kafka.tests.BaseTest                     :  Consumer closed successfully
]]></system-out>
  </testcase>
  <testcase name="shouldAcceptValidOrders(String, double, String, OrderStatus, String)[2]" classname="kafka.tests.PositiveOrderTests" time="1.073">
    <system-out><![CDATA[2026-03-05T10:19:15.683+04:00  INFO 13716 --- [           main] o.a.k.clients.consumer.ConsumerConfig    : ConsumerConfig values: 
	allow.auto.create.topics = true
	auto.commit.interval.ms = 5000
	auto.include.jmx.reporter = true
	auto.offset.reset = earliest
	bootstrap.servers = [PLAINTEXT://localhost:51947]
	check.crcs = true
	client.dns.lookup = use_all_dns_ips
	client.id = consumer-test-group-5ee273ff-e7b0-4589-b47a-172a1ff8dc0b-7
	client.rack = 
	connections.max.idle.ms = 540000
	default.api.timeout.ms = 60000
	enable.auto.commit = true
	exclude.internal.topics = true
	fetch.max.bytes = 52428800
	fetch.max.wait.ms = 500
	fetch.min.bytes = 1
	group.id = test-group-5ee273ff-e7b0-4589-b47a-172a1ff8dc0b
	group.instance.id = null
	heartbeat.interval.ms = 3000
	interceptor.classes = []
	internal.leave.group.on.close = true
	internal.throw.on.fetch.stable.offset.unsupported = false
	isolation.level = read_uncommitted
	key.deserializer = class org.apache.kafka.common.serialization.StringDeserializer
	max.partition.fetch.bytes = 1048576
	max.poll.interval.ms = 300000
	max.poll.records = 500
	metadata.max.age.ms = 300000
	metric.reporters = []
	metrics.num.samples = 2
	metrics.recording.level = INFO
	metrics.sample.window.ms = 30000
	partition.assignment.strategy = [class org.apache.kafka.clients.consumer.RangeAssignor, class org.apache.kafka.clients.consumer.CooperativeStickyAssignor]
	receive.buffer.bytes = 65536
	reconnect.backoff.max.ms = 1000
	reconnect.backoff.ms = 50
	request.timeout.ms = 30000
	retry.backoff.ms = 100
	sasl.client.callback.handler.class = null
	sasl.jaas.config = null
	sasl.kerberos.kinit.cmd = /usr/bin/kinit
	sasl.kerberos.min.time.before.relogin = 60000
	sasl.kerberos.service.name = null
	sasl.kerberos.ticket.renew.jitter = 0.05
	sasl.kerberos.ticket.renew.window.factor = 0.8
	sasl.login.callback.handler.class = null
	sasl.login.class = null
	sasl.login.connect.timeout.ms = null
	sasl.login.read.timeout.ms = null
	sasl.login.refresh.buffer.seconds = 300
	sasl.login.refresh.min.period.seconds = 60
	sasl.login.refresh.window.factor = 0.8
	sasl.login.refresh.window.jitter = 0.05
	sasl.login.retry.backoff.max.ms = 10000
	sasl.login.retry.backoff.ms = 100
	sasl.mechanism = GSSAPI
	sasl.oauthbearer.clock.skew.seconds = 30
	sasl.oauthbearer.expected.audience = null
	sasl.oauthbearer.expected.issuer = null
	sasl.oauthbearer.jwks.endpoint.refresh.ms = 3600000
	sasl.oauthbearer.jwks.endpoint.retry.backoff.max.ms = 10000
	sasl.oauthbearer.jwks.endpoint.retry.backoff.ms = 100
	sasl.oauthbearer.jwks.endpoint.url = null
	sasl.oauthbearer.scope.claim.name = scope
	sasl.oauthbearer.sub.claim.name = sub
	sasl.oauthbearer.token.endpoint.url = null
	security.protocol = PLAINTEXT
	security.providers = null
	send.buffer.bytes = 131072
	session.timeout.ms = 45000
	socket.connection.setup.timeout.max.ms = 30000
	socket.connection.setup.timeout.ms = 10000
	ssl.cipher.suites = null
	ssl.enabled.protocols = [TLSv1.2, TLSv1.3]
	ssl.endpoint.identification.algorithm = https
	ssl.engine.factory.class = null
	ssl.key.password = null
	ssl.keymanager.algorithm = SunX509
	ssl.keystore.certificate.chain = null
	ssl.keystore.key = null
	ssl.keystore.location = null
	ssl.keystore.password = null
	ssl.keystore.type = JKS
	ssl.protocol = TLSv1.3
	ssl.provider = null
	ssl.secure.random.implementation = null
	ssl.trustmanager.algorithm = PKIX
	ssl.truststore.certificates = null
	ssl.truststore.location = null
	ssl.truststore.password = null
	ssl.truststore.type = JKS
	value.deserializer = class org.springframework.kafka.support.serializer.JsonDeserializer

2026-03-05T10:19:15.688+04:00  INFO 13716 --- [           main] o.a.kafka.common.utils.AppInfoParser     : Kafka version: 3.6.0
2026-03-05T10:19:15.688+04:00  INFO 13716 --- [           main] o.a.kafka.common.utils.AppInfoParser     : Kafka commitId: 60e845626d8a465a
2026-03-05T10:19:15.688+04:00  INFO 13716 --- [           main] o.a.kafka.common.utils.AppInfoParser     : Kafka startTimeMs: 1772691555688
2026-03-05T10:19:15.688+04:00  INFO 13716 --- [           main] kafka.tests.BaseTest                     : Kafka Test Environment Ready: PLAINTEXT://localhost:51947
2026-03-05T10:19:15.689+04:00  INFO 13716 --- [           main] kafka.tests.PositiveOrderTests           : >>> Start Positive Test: MIN
2026-03-05T10:19:15.695+04:00  INFO 13716 --- [           main] fkaConsumerFactory$ExtendedKafkaConsumer : [Consumer clientId=consumer-test-group-5ee273ff-e7b0-4589-b47a-172a1ff8dc0b-7, groupId=test-group-5ee273ff-e7b0-4589-b47a-172a1ff8dc0b] Subscribed to topic(s): orders.processed
2026-03-05T10:19:15.697+04:00  INFO 13716 --- [ntainer#0-0-C-1] c.example.kafka.Service.OrderProcessor   : Received order: POS-002
2026-03-05T10:19:15.697+04:00  INFO 13716 --- [ntainer#0-0-C-1] c.example.kafka.Service.OrderProcessor   : Order POS-002 accepted
2026-03-05T10:19:16.210+04:00  INFO 13716 --- [aitility-thread] org.apache.kafka.clients.Metadata        : [Consumer clientId=consumer-test-group-5ee273ff-e7b0-4589-b47a-172a1ff8dc0b-7, groupId=test-group-5ee273ff-e7b0-4589-b47a-172a1ff8dc0b] Cluster ID: Pyy7ZybRThiCCf-d1tPvTw
2026-03-05T10:19:16.211+04:00  INFO 13716 --- [aitility-thread] o.a.k.c.c.internals.ConsumerCoordinator  : [Consumer clientId=consumer-test-group-5ee273ff-e7b0-4589-b47a-172a1ff8dc0b-7, groupId=test-group-5ee273ff-e7b0-4589-b47a-172a1ff8dc0b] Discovered group coordinator localhost:51947 (id: 2147483646 rack: null)
2026-03-05T10:19:16.213+04:00  INFO 13716 --- [aitility-thread] o.a.k.c.c.internals.ConsumerCoordinator  : [Consumer clientId=consumer-test-group-5ee273ff-e7b0-4589-b47a-172a1ff8dc0b-7, groupId=test-group-5ee273ff-e7b0-4589-b47a-172a1ff8dc0b] (Re-)joining group
2026-03-05T10:19:16.218+04:00  INFO 13716 --- [aitility-thread] o.a.k.c.c.internals.ConsumerCoordinator  : [Consumer clientId=consumer-test-group-5ee273ff-e7b0-4589-b47a-172a1ff8dc0b-7, groupId=test-group-5ee273ff-e7b0-4589-b47a-172a1ff8dc0b] Request joining group due to: need to re-join with the given member-id: consumer-test-group-5ee273ff-e7b0-4589-b47a-172a1ff8dc0b-7-82affce4-4c20-4ae2-aed7-272c57d64347
2026-03-05T10:19:16.218+04:00  INFO 13716 --- [aitility-thread] o.a.k.c.c.internals.ConsumerCoordinator  : [Consumer clientId=consumer-test-group-5ee273ff-e7b0-4589-b47a-172a1ff8dc0b-7, groupId=test-group-5ee273ff-e7b0-4589-b47a-172a1ff8dc0b] Request joining group due to: rebalance failed due to 'The group member needs to have a valid member id before actually entering a consumer group.' (MemberIdRequiredException)
2026-03-05T10:19:16.218+04:00  INFO 13716 --- [aitility-thread] o.a.k.c.c.internals.ConsumerCoordinator  : [Consumer clientId=consumer-test-group-5ee273ff-e7b0-4589-b47a-172a1ff8dc0b-7, groupId=test-group-5ee273ff-e7b0-4589-b47a-172a1ff8dc0b] (Re-)joining group
2026-03-05T10:19:16.225+04:00  INFO 13716 --- [aitility-thread] o.a.k.c.c.internals.ConsumerCoordinator  : [Consumer clientId=consumer-test-group-5ee273ff-e7b0-4589-b47a-172a1ff8dc0b-7, groupId=test-group-5ee273ff-e7b0-4589-b47a-172a1ff8dc0b] Successfully joined group with generation Generation{generationId=1, memberId='consumer-test-group-5ee273ff-e7b0-4589-b47a-172a1ff8dc0b-7-82affce4-4c20-4ae2-aed7-272c57d64347', protocol='range'}
2026-03-05T10:19:16.225+04:00  INFO 13716 --- [aitility-thread] o.a.k.c.c.internals.ConsumerCoordinator  : [Consumer clientId=consumer-test-group-5ee273ff-e7b0-4589-b47a-172a1ff8dc0b-7, groupId=test-group-5ee273ff-e7b0-4589-b47a-172a1ff8dc0b] Finished assignment for group at generation 1: {consumer-test-group-5ee273ff-e7b0-4589-b47a-172a1ff8dc0b-7-82affce4-4c20-4ae2-aed7-272c57d64347=Assignment(partitions=[orders.processed-0])}
2026-03-05T10:19:16.231+04:00  INFO 13716 --- [aitility-thread] o.a.k.c.c.internals.ConsumerCoordinator  : [Consumer clientId=consumer-test-group-5ee273ff-e7b0-4589-b47a-172a1ff8dc0b-7, groupId=test-group-5ee273ff-e7b0-4589-b47a-172a1ff8dc0b] Successfully synced group in generation Generation{generationId=1, memberId='consumer-test-group-5ee273ff-e7b0-4589-b47a-172a1ff8dc0b-7-82affce4-4c20-4ae2-aed7-272c57d64347', protocol='range'}
2026-03-05T10:19:16.231+04:00  INFO 13716 --- [aitility-thread] o.a.k.c.c.internals.ConsumerCoordinator  : [Consumer clientId=consumer-test-group-5ee273ff-e7b0-4589-b47a-172a1ff8dc0b-7, groupId=test-group-5ee273ff-e7b0-4589-b47a-172a1ff8dc0b] Notifying assignor about the new Assignment(partitions=[orders.processed-0])
2026-03-05T10:19:16.231+04:00  INFO 13716 --- [aitility-thread] o.a.k.c.c.internals.ConsumerCoordinator  : [Consumer clientId=consumer-test-group-5ee273ff-e7b0-4589-b47a-172a1ff8dc0b-7, groupId=test-group-5ee273ff-e7b0-4589-b47a-172a1ff8dc0b] Adding newly assigned partitions: orders.processed-0
2026-03-05T10:19:16.233+04:00  INFO 13716 --- [aitility-thread] o.a.k.c.c.internals.ConsumerCoordinator  : [Consumer clientId=consumer-test-group-5ee273ff-e7b0-4589-b47a-172a1ff8dc0b-7, groupId=test-group-5ee273ff-e7b0-4589-b47a-172a1ff8dc0b] Found no committed offset for partition orders.processed-0
2026-03-05T10:19:16.241+04:00  INFO 13716 --- [aitility-thread] o.a.k.c.c.internals.SubscriptionState    : [Consumer clientId=consumer-test-group-5ee273ff-e7b0-4589-b47a-172a1ff8dc0b-7, groupId=test-group-5ee273ff-e7b0-4589-b47a-172a1ff8dc0b] Resetting offset for partition orders.processed-0 to position FetchPosition{offset=0, offsetEpoch=Optional.empty, currentLeader=LeaderAndEpoch{leader=Optional[localhost:51947 (id: 1 rack: null)], epoch=0}}.
2026-03-05T10:19:16.246+04:00  INFO 13716 --- [           main] kafka.tests.PositiveOrderTests           : <<< Test Passed: MIN
2026-03-05T10:19:16.252+04:00  INFO 13716 --- [           main] o.a.k.c.c.internals.ConsumerCoordinator  : [Consumer clientId=consumer-test-group-5ee273ff-e7b0-4589-b47a-172a1ff8dc0b-7, groupId=test-group-5ee273ff-e7b0-4589-b47a-172a1ff8dc0b] Revoke previously assigned partitions orders.processed-0
2026-03-05T10:19:16.252+04:00  INFO 13716 --- [           main] o.a.k.c.c.internals.ConsumerCoordinator  : [Consumer clientId=consumer-test-group-5ee273ff-e7b0-4589-b47a-172a1ff8dc0b-7, groupId=test-group-5ee273ff-e7b0-4589-b47a-172a1ff8dc0b] Member consumer-test-group-5ee273ff-e7b0-4589-b47a-172a1ff8dc0b-7-82affce4-4c20-4ae2-aed7-272c57d64347 sending LeaveGroup request to coordinator localhost:51947 (id: 2147483646 rack: null) due to the consumer is being closed
2026-03-05T10:19:16.252+04:00  INFO 13716 --- [           main] o.a.k.c.c.internals.ConsumerCoordinator  : [Consumer clientId=consumer-test-group-5ee273ff-e7b0-4589-b47a-172a1ff8dc0b-7, groupId=test-group-5ee273ff-e7b0-4589-b47a-172a1ff8dc0b] Resetting generation and member id due to: consumer pro-actively leaving the group
2026-03-05T10:19:16.252+04:00  INFO 13716 --- [           main] o.a.k.c.c.internals.ConsumerCoordinator  : [Consumer clientId=consumer-test-group-5ee273ff-e7b0-4589-b47a-172a1ff8dc0b-7, groupId=test-group-5ee273ff-e7b0-4589-b47a-172a1ff8dc0b] Request joining group due to: consumer pro-actively leaving the group
2026-03-05T10:19:16.751+04:00  INFO 13716 --- [           main] o.apache.kafka.common.metrics.Metrics    : Metrics scheduler closed
2026-03-05T10:19:16.751+04:00  INFO 13716 --- [           main] o.apache.kafka.common.metrics.Metrics    : Closing reporter org.apache.kafka.common.metrics.JmxReporter
2026-03-05T10:19:16.751+04:00  INFO 13716 --- [           main] o.apache.kafka.common.metrics.Metrics    : Metrics reporters closed
2026-03-05T10:19:16.753+04:00  INFO 13716 --- [           main] o.a.kafka.common.utils.AppInfoParser     : App info kafka.consumer for consumer-test-group-5ee273ff-e7b0-4589-b47a-172a1ff8dc0b-7 unregistered
2026-03-05T10:19:16.753+04:00  INFO 13716 --- [           main] kafka.tests.BaseTest                     :  Consumer closed successfully
]]></system-out>
  </testcase>
  <testcase name="shouldAcceptValidOrders(String, double, String, OrderStatus, String)[3]" classname="kafka.tests.PositiveOrderTests" time="1.064">
    <system-out><![CDATA[2026-03-05T10:19:16.758+04:00  INFO 13716 --- [           main] o.a.k.clients.consumer.ConsumerConfig    : ConsumerConfig values: 
	allow.auto.create.topics = true
	auto.commit.interval.ms = 5000
	auto.include.jmx.reporter = true
	auto.offset.reset = earliest
	bootstrap.servers = [PLAINTEXT://localhost:51947]
	check.crcs = true
	client.dns.lookup = use_all_dns_ips
	client.id = consumer-test-group-4fe09328-6ec3-4461-b65f-5d3cb1c56309-8
	client.rack = 
	connections.max.idle.ms = 540000
	default.api.timeout.ms = 60000
	enable.auto.commit = true
	exclude.internal.topics = true
	fetch.max.bytes = 52428800
	fetch.max.wait.ms = 500
	fetch.min.bytes = 1
	group.id = test-group-4fe09328-6ec3-4461-b65f-5d3cb1c56309
	group.instance.id = null
	heartbeat.interval.ms = 3000
	interceptor.classes = []
	internal.leave.group.on.close = true
	internal.throw.on.fetch.stable.offset.unsupported = false
	isolation.level = read_uncommitted
	key.deserializer = class org.apache.kafka.common.serialization.StringDeserializer
	max.partition.fetch.bytes = 1048576
	max.poll.interval.ms = 300000
	max.poll.records = 500
	metadata.max.age.ms = 300000
	metric.reporters = []
	metrics.num.samples = 2
	metrics.recording.level = INFO
	metrics.sample.window.ms = 30000
	partition.assignment.strategy = [class org.apache.kafka.clients.consumer.RangeAssignor, class org.apache.kafka.clients.consumer.CooperativeStickyAssignor]
	receive.buffer.bytes = 65536
	reconnect.backoff.max.ms = 1000
	reconnect.backoff.ms = 50
	request.timeout.ms = 30000
	retry.backoff.ms = 100
	sasl.client.callback.handler.class = null
	sasl.jaas.config = null
	sasl.kerberos.kinit.cmd = /usr/bin/kinit
	sasl.kerberos.min.time.before.relogin = 60000
	sasl.kerberos.service.name = null
	sasl.kerberos.ticket.renew.jitter = 0.05
	sasl.kerberos.ticket.renew.window.factor = 0.8
	sasl.login.callback.handler.class = null
	sasl.login.class = null
	sasl.login.connect.timeout.ms = null
	sasl.login.read.timeout.ms = null
	sasl.login.refresh.buffer.seconds = 300
	sasl.login.refresh.min.period.seconds = 60
	sasl.login.refresh.window.factor = 0.8
	sasl.login.refresh.window.jitter = 0.05
	sasl.login.retry.backoff.max.ms = 10000
	sasl.login.retry.backoff.ms = 100
	sasl.mechanism = GSSAPI
	sasl.oauthbearer.clock.skew.seconds = 30
	sasl.oauthbearer.expected.audience = null
	sasl.oauthbearer.expected.issuer = null
	sasl.oauthbearer.jwks.endpoint.refresh.ms = 3600000
	sasl.oauthbearer.jwks.endpoint.retry.backoff.max.ms = 10000
	sasl.oauthbearer.jwks.endpoint.retry.backoff.ms = 100
	sasl.oauthbearer.jwks.endpoint.url = null
	sasl.oauthbearer.scope.claim.name = scope
	sasl.oauthbearer.sub.claim.name = sub
	sasl.oauthbearer.token.endpoint.url = null
	security.protocol = PLAINTEXT
	security.providers = null
	send.buffer.bytes = 131072
	session.timeout.ms = 45000
	socket.connection.setup.timeout.max.ms = 30000
	socket.connection.setup.timeout.ms = 10000
	ssl.cipher.suites = null
	ssl.enabled.protocols = [TLSv1.2, TLSv1.3]
	ssl.endpoint.identification.algorithm = https
	ssl.engine.factory.class = null
	ssl.key.password = null
	ssl.keymanager.algorithm = SunX509
	ssl.keystore.certificate.chain = null
	ssl.keystore.key = null
	ssl.keystore.location = null
	ssl.keystore.password = null
	ssl.keystore.type = JKS
	ssl.protocol = TLSv1.3
	ssl.provider = null
	ssl.secure.random.implementation = null
	ssl.trustmanager.algorithm = PKIX
	ssl.truststore.certificates = null
	ssl.truststore.location = null
	ssl.truststore.password = null
	ssl.truststore.type = JKS
	value.deserializer = class org.springframework.kafka.support.serializer.JsonDeserializer

2026-03-05T10:19:16.761+04:00  INFO 13716 --- [           main] o.a.kafka.common.utils.AppInfoParser     : Kafka version: 3.6.0
2026-03-05T10:19:16.761+04:00  INFO 13716 --- [           main] o.a.kafka.common.utils.AppInfoParser     : Kafka commitId: 60e845626d8a465a
2026-03-05T10:19:16.761+04:00  INFO 13716 --- [           main] o.a.kafka.common.utils.AppInfoParser     : Kafka startTimeMs: 1772691556761
2026-03-05T10:19:16.761+04:00  INFO 13716 --- [           main] kafka.tests.BaseTest                     : Kafka Test Environment Ready: PLAINTEXT://localhost:51947
2026-03-05T10:19:16.762+04:00  INFO 13716 --- [           main] kafka.tests.PositiveOrderTests           : >>> Start Positive Test: MAX
2026-03-05T10:19:16.768+04:00  INFO 13716 --- [           main] fkaConsumerFactory$ExtendedKafkaConsumer : [Consumer clientId=consumer-test-group-4fe09328-6ec3-4461-b65f-5d3cb1c56309-8, groupId=test-group-4fe09328-6ec3-4461-b65f-5d3cb1c56309] Subscribed to topic(s): orders.processed
2026-03-05T10:19:16.771+04:00  INFO 13716 --- [ntainer#0-0-C-1] c.example.kafka.Service.OrderProcessor   : Received order: POS-003
2026-03-05T10:19:16.771+04:00  INFO 13716 --- [ntainer#0-0-C-1] c.example.kafka.Service.OrderProcessor   : Order POS-003 accepted
2026-03-05T10:19:17.281+04:00  INFO 13716 --- [aitility-thread] org.apache.kafka.clients.Metadata        : [Consumer clientId=consumer-test-group-4fe09328-6ec3-4461-b65f-5d3cb1c56309-8, groupId=test-group-4fe09328-6ec3-4461-b65f-5d3cb1c56309] Cluster ID: Pyy7ZybRThiCCf-d1tPvTw
2026-03-05T10:19:17.282+04:00  INFO 13716 --- [aitility-thread] o.a.k.c.c.internals.ConsumerCoordinator  : [Consumer clientId=consumer-test-group-4fe09328-6ec3-4461-b65f-5d3cb1c56309-8, groupId=test-group-4fe09328-6ec3-4461-b65f-5d3cb1c56309] Discovered group coordinator localhost:51947 (id: 2147483646 rack: null)
2026-03-05T10:19:17.283+04:00  INFO 13716 --- [aitility-thread] o.a.k.c.c.internals.ConsumerCoordinator  : [Consumer clientId=consumer-test-group-4fe09328-6ec3-4461-b65f-5d3cb1c56309-8, groupId=test-group-4fe09328-6ec3-4461-b65f-5d3cb1c56309] (Re-)joining group
2026-03-05T10:19:17.287+04:00  INFO 13716 --- [aitility-thread] o.a.k.c.c.internals.ConsumerCoordinator  : [Consumer clientId=consumer-test-group-4fe09328-6ec3-4461-b65f-5d3cb1c56309-8, groupId=test-group-4fe09328-6ec3-4461-b65f-5d3cb1c56309] Request joining group due to: need to re-join with the given member-id: consumer-test-group-4fe09328-6ec3-4461-b65f-5d3cb1c56309-8-dc4713db-6a16-48d2-b739-71a92f60239f
2026-03-05T10:19:17.288+04:00  INFO 13716 --- [aitility-thread] o.a.k.c.c.internals.ConsumerCoordinator  : [Consumer clientId=consumer-test-group-4fe09328-6ec3-4461-b65f-5d3cb1c56309-8, groupId=test-group-4fe09328-6ec3-4461-b65f-5d3cb1c56309] Request joining group due to: rebalance failed due to 'The group member needs to have a valid member id before actually entering a consumer group.' (MemberIdRequiredException)
2026-03-05T10:19:17.288+04:00  INFO 13716 --- [aitility-thread] o.a.k.c.c.internals.ConsumerCoordinator  : [Consumer clientId=consumer-test-group-4fe09328-6ec3-4461-b65f-5d3cb1c56309-8, groupId=test-group-4fe09328-6ec3-4461-b65f-5d3cb1c56309] (Re-)joining group
2026-03-05T10:19:17.293+04:00  INFO 13716 --- [aitility-thread] o.a.k.c.c.internals.ConsumerCoordinator  : [Consumer clientId=consumer-test-group-4fe09328-6ec3-4461-b65f-5d3cb1c56309-8, groupId=test-group-4fe09328-6ec3-4461-b65f-5d3cb1c56309] Successfully joined group with generation Generation{generationId=1, memberId='consumer-test-group-4fe09328-6ec3-4461-b65f-5d3cb1c56309-8-dc4713db-6a16-48d2-b739-71a92f60239f', protocol='range'}
2026-03-05T10:19:17.293+04:00  INFO 13716 --- [aitility-thread] o.a.k.c.c.internals.ConsumerCoordinator  : [Consumer clientId=consumer-test-group-4fe09328-6ec3-4461-b65f-5d3cb1c56309-8, groupId=test-group-4fe09328-6ec3-4461-b65f-5d3cb1c56309] Finished assignment for group at generation 1: {consumer-test-group-4fe09328-6ec3-4461-b65f-5d3cb1c56309-8-dc4713db-6a16-48d2-b739-71a92f60239f=Assignment(partitions=[orders.processed-0])}
2026-03-05T10:19:17.298+04:00  INFO 13716 --- [aitility-thread] o.a.k.c.c.internals.ConsumerCoordinator  : [Consumer clientId=consumer-test-group-4fe09328-6ec3-4461-b65f-5d3cb1c56309-8, groupId=test-group-4fe09328-6ec3-4461-b65f-5d3cb1c56309] Successfully synced group in generation Generation{generationId=1, memberId='consumer-test-group-4fe09328-6ec3-4461-b65f-5d3cb1c56309-8-dc4713db-6a16-48d2-b739-71a92f60239f', protocol='range'}
2026-03-05T10:19:17.298+04:00  INFO 13716 --- [aitility-thread] o.a.k.c.c.internals.ConsumerCoordinator  : [Consumer clientId=consumer-test-group-4fe09328-6ec3-4461-b65f-5d3cb1c56309-8, groupId=test-group-4fe09328-6ec3-4461-b65f-5d3cb1c56309] Notifying assignor about the new Assignment(partitions=[orders.processed-0])
2026-03-05T10:19:17.298+04:00  INFO 13716 --- [aitility-thread] o.a.k.c.c.internals.ConsumerCoordinator  : [Consumer clientId=consumer-test-group-4fe09328-6ec3-4461-b65f-5d3cb1c56309-8, groupId=test-group-4fe09328-6ec3-4461-b65f-5d3cb1c56309] Adding newly assigned partitions: orders.processed-0
2026-03-05T10:19:17.300+04:00  INFO 13716 --- [aitility-thread] o.a.k.c.c.internals.ConsumerCoordinator  : [Consumer clientId=consumer-test-group-4fe09328-6ec3-4461-b65f-5d3cb1c56309-8, groupId=test-group-4fe09328-6ec3-4461-b65f-5d3cb1c56309] Found no committed offset for partition orders.processed-0
2026-03-05T10:19:17.306+04:00  INFO 13716 --- [aitility-thread] o.a.k.c.c.internals.SubscriptionState    : [Consumer clientId=consumer-test-group-4fe09328-6ec3-4461-b65f-5d3cb1c56309-8, groupId=test-group-4fe09328-6ec3-4461-b65f-5d3cb1c56309] Resetting offset for partition orders.processed-0 to position FetchPosition{offset=0, offsetEpoch=Optional.empty, currentLeader=LeaderAndEpoch{leader=Optional[localhost:51947 (id: 1 rack: null)], epoch=0}}.
2026-03-05T10:19:17.311+04:00  INFO 13716 --- [           main] kafka.tests.PositiveOrderTests           : <<< Test Passed: MAX
2026-03-05T10:19:17.323+04:00  INFO 13716 --- [           main] o.a.k.c.c.internals.ConsumerCoordinator  : [Consumer clientId=consumer-test-group-4fe09328-6ec3-4461-b65f-5d3cb1c56309-8, groupId=test-group-4fe09328-6ec3-4461-b65f-5d3cb1c56309] Revoke previously assigned partitions orders.processed-0
2026-03-05T10:19:17.324+04:00  INFO 13716 --- [           main] o.a.k.c.c.internals.ConsumerCoordinator  : [Consumer clientId=consumer-test-group-4fe09328-6ec3-4461-b65f-5d3cb1c56309-8, groupId=test-group-4fe09328-6ec3-4461-b65f-5d3cb1c56309] Member consumer-test-group-4fe09328-6ec3-4461-b65f-5d3cb1c56309-8-dc4713db-6a16-48d2-b739-71a92f60239f sending LeaveGroup request to coordinator localhost:51947 (id: 2147483646 rack: null) due to the consumer is being closed
2026-03-05T10:19:17.324+04:00  INFO 13716 --- [           main] o.a.k.c.c.internals.ConsumerCoordinator  : [Consumer clientId=consumer-test-group-4fe09328-6ec3-4461-b65f-5d3cb1c56309-8, groupId=test-group-4fe09328-6ec3-4461-b65f-5d3cb1c56309] Resetting generation and member id due to: consumer pro-actively leaving the group
2026-03-05T10:19:17.324+04:00  INFO 13716 --- [           main] o.a.k.c.c.internals.ConsumerCoordinator  : [Consumer clientId=consumer-test-group-4fe09328-6ec3-4461-b65f-5d3cb1c56309-8, groupId=test-group-4fe09328-6ec3-4461-b65f-5d3cb1c56309] Request joining group due to: consumer pro-actively leaving the group
2026-03-05T10:19:17.817+04:00  INFO 13716 --- [           main] o.apache.kafka.common.metrics.Metrics    : Metrics scheduler closed
2026-03-05T10:19:17.817+04:00  INFO 13716 --- [           main] o.apache.kafka.common.metrics.Metrics    : Closing reporter org.apache.kafka.common.metrics.JmxReporter
2026-03-05T10:19:17.817+04:00  INFO 13716 --- [           main] o.apache.kafka.common.metrics.Metrics    : Metrics reporters closed
2026-03-05T10:19:17.819+04:00  INFO 13716 --- [           main] o.a.kafka.common.utils.AppInfoParser     : App info kafka.consumer for consumer-test-group-4fe09328-6ec3-4461-b65f-5d3cb1c56309-8 unregistered
2026-03-05T10:19:17.819+04:00  INFO 13716 --- [           main] kafka.tests.BaseTest                     :  Consumer closed successfully
]]></system-out>
  </testcase>
</testsuite>