<?xml version="1.0" encoding="UTF-8"?>
<testsuite xmlns:xsi="http://www.w3.org/2001/XMLSchema-instance" xsi:noNamespaceSchemaLocation="https://maven.apache.org/surefire/maven-surefire-plugin/xsd/surefire-test-report-3.0.xsd" version="3.0" name="kafka.tests.PositiveOrderTests" time="10.085" tests="3" errors="0" skipped="0" failures="0">
  <properties>
[...]
</properties>
  <testcase name="shouldAcceptValidOrders(String, double, String, OrderStatus, String)[1]" classname="kafka.tests.PositiveOrderTests" time="1.542">
    <system-out><![CDATA[2026-03-04T22:25:56.174+04:00  INFO 13552 --- [           main] tc.confluentinc/cp-kafka:7.5.0           : Creating container for image: confluentinc/cp-kafka:7.5.0
2026-03-04T22:25:56.295+04:00  INFO 13552 --- [           main] tc.confluentinc/cp-kafka:7.5.0           : Container confluentinc/cp-kafka:7.5.0 is starting: e81353d426e34696dfd6526dd14f0f6a6fc427b234ca31239684fd1eef16284f
2026-03-04T22:26:01.508+04:00  INFO 13552 --- [           main] tc.confluentinc/cp-kafka:7.5.0           : Container confluentinc/cp-kafka:7.5.0 started in PT5.3334807S

  .   ____          _            __ _ _
 /\\ / ___'_ __ _ _(_)_ __  __ _ \ \ \ \
( ( )\___ | '_ | '_| | '_ \/ _` | \ \ \ \
 \\/  ___)| |_)| | | | | || (_| |  ) ) ) )
  '  |____| .__|_| |_|_| |_\__, | / / / /
 =========|_|==============|___/=/_/_/_/
 :: Spring Boot ::                (v3.2.0)

2026-03-04T22:26:01.563+04:00  INFO 13552 --- [           main] kafka.tests.BaseTest                     : Kafka Bootstrap Servers: PLAINTEXT://localhost:55235
2026-03-04T22:26:01.564+04:00  INFO 13552 --- [           main] kafka.tests.PositiveOrderTests           : Starting PositiveOrderTests using Java 23.0.1 with PID 13552 (started by Никита in C:\Users\79371\source\KafkaJunit\demo)
2026-03-04T22:26:01.565+04:00  INFO 13552 --- [           main] kafka.tests.PositiveOrderTests           : The following 1 profile is active: "test"
2026-03-04T22:26:01.819+04:00  INFO 13552 --- [           main] o.a.k.clients.consumer.ConsumerConfig    : ConsumerConfig values: 
	allow.auto.create.topics = true
	auto.commit.interval.ms = 5000
	auto.include.jmx.reporter = true
	auto.offset.reset = earliest
	bootstrap.servers = [PLAINTEXT://localhost:55235]
	check.crcs = true
	client.dns.lookup = use_all_dns_ips
	client.id = consumer-order-process-group-5
	client.rack = 
	connections.max.idle.ms = 540000
	default.api.timeout.ms = 60000
	enable.auto.commit = false
	exclude.internal.topics = true
	fetch.max.bytes = 52428800
	fetch.max.wait.ms = 500
	fetch.min.bytes = 1
	group.id = order-process-group
	group.instance.id = null
	heartbeat.interval.ms = 3000
	interceptor.classes = []
	internal.leave.group.on.close = true
	internal.throw.on.fetch.stable.offset.unsupported = false
	isolation.level = read_uncommitted
	key.deserializer = class org.apache.kafka.common.serialization.StringDeserializer
	max.partition.fetch.bytes = 1048576
	max.poll.interval.ms = 300000
	max.poll.records = 500
	metadata.max.age.ms = 300000
	metric.reporters = []
	metrics.num.samples = 2
	metrics.recording.level = INFO
	metrics.sample.window.ms = 30000
	partition.assignment.strategy = [class org.apache.kafka.clients.consumer.RangeAssignor, class org.apache.kafka.clients.consumer.CooperativeStickyAssignor]
	receive.buffer.bytes = 65536
	reconnect.backoff.max.ms = 1000
	reconnect.backoff.ms = 50
	request.timeout.ms = 30000
	retry.backoff.ms = 100
	sasl.client.callback.handler.class = null
	sasl.jaas.config = null
	sasl.kerberos.kinit.cmd = /usr/bin/kinit
	sasl.kerberos.min.time.before.relogin = 60000
	sasl.kerberos.service.name = null
	sasl.kerberos.ticket.renew.jitter = 0.05
	sasl.kerberos.ticket.renew.window.factor = 0.8
	sasl.login.callback.handler.class = null
	sasl.login.class = null
	sasl.login.connect.timeout.ms = null
	sasl.login.read.timeout.ms = null
	sasl.login.refresh.buffer.seconds = 300
	sasl.login.refresh.min.period.seconds = 60
	sasl.login.refresh.window.factor = 0.8
	sasl.login.refresh.window.jitter = 0.05
	sasl.login.retry.backoff.max.ms = 10000
	sasl.login.retry.backoff.ms = 100
	sasl.mechanism = GSSAPI
	sasl.oauthbearer.clock.skew.seconds = 30
	sasl.oauthbearer.expected.audience = null
	sasl.oauthbearer.expected.issuer = null
	sasl.oauthbearer.jwks.endpoint.refresh.ms = 3600000
	sasl.oauthbearer.jwks.endpoint.retry.backoff.max.ms = 10000
	sasl.oauthbearer.jwks.endpoint.retry.backoff.ms = 100
	sasl.oauthbearer.jwks.endpoint.url = null
	sasl.oauthbearer.scope.claim.name = scope
	sasl.oauthbearer.sub.claim.name = sub
	sasl.oauthbearer.token.endpoint.url = null
	security.protocol = PLAINTEXT
	security.providers = null
	send.buffer.bytes = 131072
	session.timeout.ms = 45000
	socket.connection.setup.timeout.max.ms = 30000
	socket.connection.setup.timeout.ms = 10000
	ssl.cipher.suites = null
	ssl.enabled.protocols = [TLSv1.2, TLSv1.3]
	ssl.endpoint.identification.algorithm = https
	ssl.engine.factory.class = null
	ssl.key.password = null
	ssl.keymanager.algorithm = SunX509
	ssl.keystore.certificate.chain = null
	ssl.keystore.key = null
	ssl.keystore.location = null
	ssl.keystore.password = null
	ssl.keystore.type = JKS
	ssl.protocol = TLSv1.3
	ssl.provider = null
	ssl.secure.random.implementation = null
	ssl.trustmanager.algorithm = PKIX
	ssl.truststore.certificates = null
	ssl.truststore.location = null
	ssl.truststore.password = null
	ssl.truststore.type = JKS
	value.deserializer = class org.springframework.kafka.support.serializer.JsonDeserializer

2026-03-04T22:26:01.822+04:00  INFO 13552 --- [           main] o.a.kafka.common.utils.AppInfoParser     : Kafka version: 3.6.0
2026-03-04T22:26:01.822+04:00  INFO 13552 --- [           main] o.a.kafka.common.utils.AppInfoParser     : Kafka commitId: 60e845626d8a465a
2026-03-04T22:26:01.823+04:00  INFO 13552 --- [           main] o.a.kafka.common.utils.AppInfoParser     : Kafka startTimeMs: 1772648761822
2026-03-04T22:26:01.823+04:00  INFO 13552 --- [           main] fkaConsumerFactory$ExtendedKafkaConsumer : [Consumer clientId=consumer-order-process-group-5, groupId=order-process-group] Subscribed to topic(s): orders.created
2026-03-04T22:26:01.826+04:00  INFO 13552 --- [           main] kafka.tests.PositiveOrderTests           : Started PositiveOrderTests in 0.298 seconds (process running for 20.318)
2026-03-04T22:26:01.838+04:00  INFO 13552 --- [           main] o.a.k.clients.consumer.ConsumerConfig    : ConsumerConfig values: 
	allow.auto.create.topics = true
	auto.commit.interval.ms = 5000
	auto.include.jmx.reporter = true
	auto.offset.reset = earliest
	bootstrap.servers = [PLAINTEXT://localhost:55235]
	check.crcs = true
	client.dns.lookup = use_all_dns_ips
	client.id = consumer-test-group-b1f3e2aa-53b0-460a-81e3-4c2888159028-6
	client.rack = 
	connections.max.idle.ms = 540000
	default.api.timeout.ms = 60000
	enable.auto.commit = true
	exclude.internal.topics = true
	fetch.max.bytes = 52428800
	fetch.max.wait.ms = 500
	fetch.min.bytes = 1
	group.id = test-group-b1f3e2aa-53b0-460a-81e3-4c2888159028
	group.instance.id = null
	heartbeat.interval.ms = 3000
	interceptor.classes = []
	internal.leave.group.on.close = true
	internal.throw.on.fetch.stable.offset.unsupported = false
	isolation.level = read_uncommitted
	key.deserializer = class org.apache.kafka.common.serialization.StringDeserializer
	max.partition.fetch.bytes = 1048576
	max.poll.interval.ms = 300000
	max.poll.records = 500
	metadata.max.age.ms = 300000
	metric.reporters = []
	metrics.num.samples = 2
	metrics.recording.level = INFO
	metrics.sample.window.ms = 30000
	partition.assignment.strategy = [class org.apache.kafka.clients.consumer.RangeAssignor, class org.apache.kafka.clients.consumer.CooperativeStickyAssignor]
	receive.buffer.bytes = 65536
	reconnect.backoff.max.ms = 1000
	reconnect.backoff.ms = 50
	request.timeout.ms = 30000
	retry.backoff.ms = 100
	sasl.client.callback.handler.class = null
	sasl.jaas.config = null
	sasl.kerberos.kinit.cmd = /usr/bin/kinit
	sasl.kerberos.min.time.before.relogin = 60000
	sasl.kerberos.service.name = null
	sasl.kerberos.ticket.renew.jitter = 0.05
	sasl.kerberos.ticket.renew.window.factor = 0.8
	sasl.login.callback.handler.class = null
	sasl.login.class = null
	sasl.login.connect.timeout.ms = null
	sasl.login.read.timeout.ms = null
	sasl.login.refresh.buffer.seconds = 300
	sasl.login.refresh.min.period.seconds = 60
	sasl.login.refresh.window.factor = 0.8
	sasl.login.refresh.window.jitter = 0.05
	sasl.login.retry.backoff.max.ms = 10000
	sasl.login.retry.backoff.ms = 100
	sasl.mechanism = GSSAPI
	sasl.oauthbearer.clock.skew.seconds = 30
	sasl.oauthbearer.expected.audience = null
	sasl.oauthbearer.expected.issuer = null
	sasl.oauthbearer.jwks.endpoint.refresh.ms = 3600000
	sasl.oauthbearer.jwks.endpoint.retry.backoff.max.ms = 10000
	sasl.oauthbearer.jwks.endpoint.retry.backoff.ms = 100
	sasl.oauthbearer.jwks.endpoint.url = null
	sasl.oauthbearer.scope.claim.name = scope
	sasl.oauthbearer.sub.claim.name = sub
	sasl.oauthbearer.token.endpoint.url = null
	security.protocol = PLAINTEXT
	security.providers = null
	send.buffer.bytes = 131072
	session.timeout.ms = 45000
	socket.connection.setup.timeout.max.ms = 30000
	socket.connection.setup.timeout.ms = 10000
	ssl.cipher.suites = null
	ssl.enabled.protocols = [TLSv1.2, TLSv1.3]
	ssl.endpoint.identification.algorithm = https
	ssl.engine.factory.class = null
	ssl.key.password = null
	ssl.keymanager.algorithm = SunX509
	ssl.keystore.certificate.chain = null
	ssl.keystore.key = null
	ssl.keystore.location = null
	ssl.keystore.password = null
	ssl.keystore.type = JKS
	ssl.protocol = TLSv1.3
	ssl.provider = null
	ssl.secure.random.implementation = null
	ssl.trustmanager.algorithm = PKIX
	ssl.truststore.certificates = null
	ssl.truststore.location = null
	ssl.truststore.password = null
	ssl.truststore.type = JKS
	value.deserializer = class org.springframework.kafka.support.serializer.JsonDeserializer

2026-03-04T22:26:01.844+04:00  INFO 13552 --- [           main] o.a.kafka.common.utils.AppInfoParser     : Kafka version: 3.6.0
2026-03-04T22:26:01.844+04:00  INFO 13552 --- [           main] o.a.kafka.common.utils.AppInfoParser     : Kafka commitId: 60e845626d8a465a
2026-03-04T22:26:01.844+04:00  INFO 13552 --- [           main] o.a.kafka.common.utils.AppInfoParser     : Kafka startTimeMs: 1772648761844
2026-03-04T22:26:01.844+04:00  INFO 13552 --- [           main] kafka.tests.BaseTest                     : Kafka Test Environment Ready: PLAINTEXT://localhost:55235
2026-03-04T22:26:01.846+04:00  INFO 13552 --- [           main] kafka.tests.PositiveOrderTests           : >>> Start Positive Test: Standard
2026-03-04T22:26:01.847+04:00  INFO 13552 --- [           main] o.a.k.clients.producer.ProducerConfig    : ProducerConfig values: 
	acks = -1
	auto.include.jmx.reporter = true
	batch.size = 16384
	bootstrap.servers = [PLAINTEXT://localhost:55235]
	buffer.memory = 33554432
	client.dns.lookup = use_all_dns_ips
	client.id = producer-2
	compression.type = none
	connections.max.idle.ms = 540000
	delivery.timeout.ms = 120000
	enable.idempotence = true
	interceptor.classes = []
	key.serializer = class org.apache.kafka.common.serialization.StringSerializer
	linger.ms = 0
	max.block.ms = 60000
	max.in.flight.requests.per.connection = 5
	max.request.size = 1048576
	metadata.max.age.ms = 300000
	metadata.max.idle.ms = 300000
	metric.reporters = []
	metrics.num.samples = 2
	metrics.recording.level = INFO
	metrics.sample.window.ms = 30000
	partitioner.adaptive.partitioning.enable = true
	partitioner.availability.timeout.ms = 0
	partitioner.class = null
	partitioner.ignore.keys = false
	receive.buffer.bytes = 32768
	reconnect.backoff.max.ms = 1000
	reconnect.backoff.ms = 50
	request.timeout.ms = 30000
	retries = 2147483647
	retry.backoff.ms = 100
	sasl.client.callback.handler.class = null
	sasl.jaas.config = null
	sasl.kerberos.kinit.cmd = /usr/bin/kinit
	sasl.kerberos.min.time.before.relogin = 60000
	sasl.kerberos.service.name = null
	sasl.kerberos.ticket.renew.jitter = 0.05
	sasl.kerberos.ticket.renew.window.factor = 0.8
	sasl.login.callback.handler.class = null
	sasl.login.class = null
	sasl.login.connect.timeout.ms = null
	sasl.login.read.timeout.ms = null
	sasl.login.refresh.buffer.seconds = 300
	sasl.login.refresh.min.period.seconds = 60
	sasl.login.refresh.window.factor = 0.8
	sasl.login.refresh.window.jitter = 0.05
	sasl.login.retry.backoff.max.ms = 10000
	sasl.login.retry.backoff.ms = 100
	sasl.mechanism = GSSAPI
	sasl.oauthbearer.clock.skew.seconds = 30
	sasl.oauthbearer.expected.audience = null
	sasl.oauthbearer.expected.issuer = null
	sasl.oauthbearer.jwks.endpoint.refresh.ms = 3600000
	sasl.oauthbearer.jwks.endpoint.retry.backoff.max.ms = 10000
	sasl.oauthbearer.jwks.endpoint.retry.backoff.ms = 100
	sasl.oauthbearer.jwks.endpoint.url = null
	sasl.oauthbearer.scope.claim.name = scope
	sasl.oauthbearer.sub.claim.name = sub
	sasl.oauthbearer.token.endpoint.url = null
	security.protocol = PLAINTEXT
	security.providers = null
	send.buffer.bytes = 131072
	socket.connection.setup.timeout.max.ms = 30000
	socket.connection.setup.timeout.ms = 10000
	ssl.cipher.suites = null
	ssl.enabled.protocols = [TLSv1.2, TLSv1.3]
	ssl.endpoint.identification.algorithm = https
	ssl.engine.factory.class = null
	ssl.key.password = null
	ssl.keymanager.algorithm = SunX509
	ssl.keystore.certificate.chain = null
	ssl.keystore.key = null
	ssl.keystore.location = null
	ssl.keystore.password = null
	ssl.keystore.type = JKS
	ssl.protocol = TLSv1.3
	ssl.provider = null
	ssl.secure.random.implementation = null
	ssl.trustmanager.algorithm = PKIX
	ssl.truststore.certificates = null
	ssl.truststore.location = null
	ssl.truststore.password = null
	ssl.truststore.type = JKS
	transaction.timeout.ms = 60000
	transactional.id = null
	value.serializer = class org.springframework.kafka.support.serializer.JsonSerializer

2026-03-04T22:26:01.849+04:00  INFO 13552 --- [           main] o.a.k.clients.producer.KafkaProducer     : [Producer clientId=producer-2] Instantiated an idempotent producer.
2026-03-04T22:26:01.861+04:00  INFO 13552 --- [           main] o.a.kafka.common.utils.AppInfoParser     : Kafka version: 3.6.0
2026-03-04T22:26:01.861+04:00  INFO 13552 --- [           main] o.a.kafka.common.utils.AppInfoParser     : Kafka commitId: 60e845626d8a465a
2026-03-04T22:26:01.861+04:00  INFO 13552 --- [           main] o.a.kafka.common.utils.AppInfoParser     : Kafka startTimeMs: 1772648761861
2026-03-04T22:26:01.882+04:00  WARN 13552 --- [ntainer#0-0-C-1] org.apache.kafka.clients.NetworkClient   : [Consumer clientId=consumer-order-process-group-5, groupId=order-process-group] Error while fetching metadata with correlation id 2 : {orders.created=UNKNOWN_TOPIC_OR_PARTITION}
2026-03-04T22:26:01.882+04:00  INFO 13552 --- [ntainer#0-0-C-1] org.apache.kafka.clients.Metadata        : [Consumer clientId=consumer-order-process-group-5, groupId=order-process-group] Cluster ID: Mu7AyKy1S_yYHTToY2sO5A
2026-03-04T22:26:01.940+04:00  WARN 13552 --- [ad | producer-2] org.apache.kafka.clients.NetworkClient   : [Producer clientId=producer-2] Error while fetching metadata with correlation id 1 : {orders.created=LEADER_NOT_AVAILABLE}
2026-03-04T22:26:01.940+04:00  INFO 13552 --- [ad | producer-2] org.apache.kafka.clients.Metadata        : [Producer clientId=producer-2] Cluster ID: Mu7AyKy1S_yYHTToY2sO5A
2026-03-04T22:26:02.010+04:00  WARN 13552 --- [ntainer#0-0-C-1] org.apache.kafka.clients.NetworkClient   : [Consumer clientId=consumer-order-process-group-5, groupId=order-process-group] Error while fetching metadata with correlation id 4 : {orders.created=LEADER_NOT_AVAILABLE}
2026-03-04T22:26:02.051+04:00  INFO 13552 --- [ad | producer-2] o.a.k.c.p.internals.TransactionManager   : [Producer clientId=producer-2] ProducerId set to 0 with epoch 0
2026-03-04T22:26:02.056+04:00  WARN 13552 --- [ad | producer-2] org.apache.kafka.clients.NetworkClient   : [Producer clientId=producer-2] Error while fetching metadata with correlation id 4 : {orders.created=LEADER_NOT_AVAILABLE}
2026-03-04T22:26:02.117+04:00  WARN 13552 --- [ntainer#0-0-C-1] org.apache.kafka.clients.NetworkClient   : [Consumer clientId=consumer-order-process-group-5, groupId=order-process-group] Error while fetching metadata with correlation id 6 : {orders.created=LEADER_NOT_AVAILABLE}
2026-03-04T22:26:02.162+04:00  WARN 13552 --- [ad | producer-2] org.apache.kafka.clients.NetworkClient   : [Producer clientId=producer-2] Error while fetching metadata with correlation id 5 : {orders.created=LEADER_NOT_AVAILABLE}
2026-03-04T22:26:02.225+04:00  INFO 13552 --- [ntainer#0-0-C-1] o.a.k.c.c.internals.ConsumerCoordinator  : [Consumer clientId=consumer-order-process-group-5, groupId=order-process-group] Discovered group coordinator localhost:55235 (id: 2147483646 rack: null)
2026-03-04T22:26:02.226+04:00  INFO 13552 --- [ntainer#0-0-C-1] o.a.k.c.c.internals.ConsumerCoordinator  : [Consumer clientId=consumer-order-process-group-5, groupId=order-process-group] (Re-)joining group
2026-03-04T22:26:02.244+04:00  INFO 13552 --- [ntainer#0-0-C-1] o.a.k.c.c.internals.ConsumerCoordinator  : [Consumer clientId=consumer-order-process-group-5, groupId=order-process-group] Request joining group due to: need to re-join with the given member-id: consumer-order-process-group-5-477b080d-b3c0-4530-a1ca-6de63ba0bab0
2026-03-04T22:26:02.245+04:00  INFO 13552 --- [ntainer#0-0-C-1] o.a.k.c.c.internals.ConsumerCoordinator  : [Consumer clientId=consumer-order-process-group-5, groupId=order-process-group] Request joining group due to: rebalance failed due to 'The group member needs to have a valid member id before actually entering a consumer group.' (MemberIdRequiredException)
2026-03-04T22:26:02.245+04:00  INFO 13552 --- [ntainer#0-0-C-1] o.a.k.c.c.internals.ConsumerCoordinator  : [Consumer clientId=consumer-order-process-group-5, groupId=order-process-group] (Re-)joining group
2026-03-04T22:26:02.268+04:00  INFO 13552 --- [ntainer#0-0-C-1] o.a.k.c.c.internals.ConsumerCoordinator  : [Consumer clientId=consumer-order-process-group-5, groupId=order-process-group] Successfully joined group with generation Generation{generationId=1, memberId='consumer-order-process-group-5-477b080d-b3c0-4530-a1ca-6de63ba0bab0', protocol='range'}
2026-03-04T22:26:02.269+04:00  INFO 13552 --- [ntainer#0-0-C-1] o.a.k.c.c.internals.ConsumerCoordinator  : [Consumer clientId=consumer-order-process-group-5, groupId=order-process-group] Finished assignment for group at generation 1: {consumer-order-process-group-5-477b080d-b3c0-4530-a1ca-6de63ba0bab0=Assignment(partitions=[orders.created-0])}
2026-03-04T22:26:02.319+04:00  INFO 13552 --- [ntainer#0-0-C-1] o.a.k.c.c.internals.ConsumerCoordinator  : [Consumer clientId=consumer-order-process-group-5, groupId=order-process-group] Successfully synced group in generation Generation{generationId=1, memberId='consumer-order-process-group-5-477b080d-b3c0-4530-a1ca-6de63ba0bab0', protocol='range'}
2026-03-04T22:26:02.320+04:00  INFO 13552 --- [ntainer#0-0-C-1] o.a.k.c.c.internals.ConsumerCoordinator  : [Consumer clientId=consumer-order-process-group-5, groupId=order-process-group] Notifying assignor about the new Assignment(partitions=[orders.created-0])
2026-03-04T22:26:02.320+04:00  INFO 13552 --- [ntainer#0-0-C-1] o.a.k.c.c.internals.ConsumerCoordinator  : [Consumer clientId=consumer-order-process-group-5, groupId=order-process-group] Adding newly assigned partitions: orders.created-0
2026-03-04T22:26:02.320+04:00  INFO 13552 --- [           main] fkaConsumerFactory$ExtendedKafkaConsumer : [Consumer clientId=consumer-test-group-b1f3e2aa-53b0-460a-81e3-4c2888159028-6, groupId=test-group-b1f3e2aa-53b0-460a-81e3-4c2888159028] Subscribed to topic(s): orders.processed
2026-03-04T22:26:02.342+04:00  INFO 13552 --- [ntainer#0-0-C-1] o.a.k.c.c.internals.ConsumerCoordinator  : [Consumer clientId=consumer-order-process-group-5, groupId=order-process-group] Found no committed offset for partition orders.created-0
2026-03-04T22:26:02.357+04:00  INFO 13552 --- [ntainer#0-0-C-1] o.a.k.c.c.internals.SubscriptionState    : [Consumer clientId=consumer-order-process-group-5, groupId=order-process-group] Resetting offset for partition orders.created-0 to position FetchPosition{offset=0, offsetEpoch=Optional.empty, currentLeader=LeaderAndEpoch{leader=Optional[localhost:55235 (id: 1 rack: null)], epoch=0}}.
2026-03-04T22:26:02.357+04:00  INFO 13552 --- [ntainer#0-0-C-1] o.s.k.l.KafkaMessageListenerContainer    : order-process-group: partitions assigned: [orders.created-0]
2026-03-04T22:26:02.406+04:00  INFO 13552 --- [ntainer#0-0-C-1] c.example.kafka.Service.OrderProcessor   : Received order: POS-001
2026-03-04T22:26:02.406+04:00  INFO 13552 --- [ntainer#0-0-C-1] c.example.kafka.Service.OrderProcessor   : Order POS-001 accepted
2026-03-04T22:26:02.422+04:00  WARN 13552 --- [ad | producer-2] org.apache.kafka.clients.NetworkClient   : [Producer clientId=producer-2] Error while fetching metadata with correlation id 8 : {orders.processed=LEADER_NOT_AVAILABLE}
2026-03-04T22:26:02.525+04:00  INFO 13552 --- [ad | producer-2] org.apache.kafka.clients.Metadata        : [Producer clientId=producer-2] Resetting the last seen epoch of partition orders.created-0 to 0 since the associated topicId changed from null to WTIHHE3yTdWrx85jONRtkg
2026-03-04T22:26:02.833+04:00  INFO 13552 --- [aitility-thread] org.apache.kafka.clients.Metadata        : [Consumer clientId=consumer-test-group-b1f3e2aa-53b0-460a-81e3-4c2888159028-6, groupId=test-group-b1f3e2aa-53b0-460a-81e3-4c2888159028] Cluster ID: Mu7AyKy1S_yYHTToY2sO5A
2026-03-04T22:26:02.833+04:00  INFO 13552 --- [aitility-thread] o.a.k.c.c.internals.ConsumerCoordinator  : [Consumer clientId=consumer-test-group-b1f3e2aa-53b0-460a-81e3-4c2888159028-6, groupId=test-group-b1f3e2aa-53b0-460a-81e3-4c2888159028] Discovered group coordinator localhost:55235 (id: 2147483646 rack: null)
2026-03-04T22:26:02.835+04:00  INFO 13552 --- [aitility-thread] o.a.k.c.c.internals.ConsumerCoordinator  : [Consumer clientId=consumer-test-group-b1f3e2aa-53b0-460a-81e3-4c2888159028-6, groupId=test-group-b1f3e2aa-53b0-460a-81e3-4c2888159028] (Re-)joining group
2026-03-04T22:26:02.839+04:00  INFO 13552 --- [aitility-thread] o.a.k.c.c.internals.ConsumerCoordinator  : [Consumer clientId=consumer-test-group-b1f3e2aa-53b0-460a-81e3-4c2888159028-6, groupId=test-group-b1f3e2aa-53b0-460a-81e3-4c2888159028] Request joining group due to: need to re-join with the given member-id: consumer-test-group-b1f3e2aa-53b0-460a-81e3-4c2888159028-6-414e584f-a6bb-4ee4-9891-82de352d5b2d
2026-03-04T22:26:02.839+04:00  INFO 13552 --- [aitility-thread] o.a.k.c.c.internals.ConsumerCoordinator  : [Consumer clientId=consumer-test-group-b1f3e2aa-53b0-460a-81e3-4c2888159028-6, groupId=test-group-b1f3e2aa-53b0-460a-81e3-4c2888159028] Request joining group due to: rebalance failed due to 'The group member needs to have a valid member id before actually entering a consumer group.' (MemberIdRequiredException)
2026-03-04T22:26:02.839+04:00  INFO 13552 --- [aitility-thread] o.a.k.c.c.internals.ConsumerCoordinator  : [Consumer clientId=consumer-test-group-b1f3e2aa-53b0-460a-81e3-4c2888159028-6, groupId=test-group-b1f3e2aa-53b0-460a-81e3-4c2888159028] (Re-)joining group
2026-03-04T22:26:02.844+04:00  INFO 13552 --- [aitility-thread] o.a.k.c.c.internals.ConsumerCoordinator  : [Consumer clientId=consumer-test-group-b1f3e2aa-53b0-460a-81e3-4c2888159028-6, groupId=test-group-b1f3e2aa-53b0-460a-81e3-4c2888159028] Successfully joined group with generation Generation{generationId=1, memberId='consumer-test-group-b1f3e2aa-53b0-460a-81e3-4c2888159028-6-414e584f-a6bb-4ee4-9891-82de352d5b2d', protocol='range'}
2026-03-04T22:26:02.845+04:00  INFO 13552 --- [aitility-thread] o.a.k.c.c.internals.ConsumerCoordinator  : [Consumer clientId=consumer-test-group-b1f3e2aa-53b0-460a-81e3-4c2888159028-6, groupId=test-group-b1f3e2aa-53b0-460a-81e3-4c2888159028] Finished assignment for group at generation 1: {consumer-test-group-b1f3e2aa-53b0-460a-81e3-4c2888159028-6-414e584f-a6bb-4ee4-9891-82de352d5b2d=Assignment(partitions=[orders.processed-0])}
2026-03-04T22:26:02.849+04:00  INFO 13552 --- [aitility-thread] o.a.k.c.c.internals.ConsumerCoordinator  : [Consumer clientId=consumer-test-group-b1f3e2aa-53b0-460a-81e3-4c2888159028-6, groupId=test-group-b1f3e2aa-53b0-460a-81e3-4c2888159028] Successfully synced group in generation Generation{generationId=1, memberId='consumer-test-group-b1f3e2aa-53b0-460a-81e3-4c2888159028-6-414e584f-a6bb-4ee4-9891-82de352d5b2d', protocol='range'}
2026-03-04T22:26:02.850+04:00  INFO 13552 --- [aitility-thread] o.a.k.c.c.internals.ConsumerCoordinator  : [Consumer clientId=consumer-test-group-b1f3e2aa-53b0-460a-81e3-4c2888159028-6, groupId=test-group-b1f3e2aa-53b0-460a-81e3-4c2888159028] Notifying assignor about the new Assignment(partitions=[orders.processed-0])
2026-03-04T22:26:02.850+04:00  INFO 13552 --- [aitility-thread] o.a.k.c.c.internals.ConsumerCoordinator  : [Consumer clientId=consumer-test-group-b1f3e2aa-53b0-460a-81e3-4c2888159028-6, groupId=test-group-b1f3e2aa-53b0-460a-81e3-4c2888159028] Adding newly assigned partitions: orders.processed-0
2026-03-04T22:26:02.852+04:00  INFO 13552 --- [aitility-thread] o.a.k.c.c.internals.ConsumerCoordinator  : [Consumer clientId=consumer-test-group-b1f3e2aa-53b0-460a-81e3-4c2888159028-6, groupId=test-group-b1f3e2aa-53b0-460a-81e3-4c2888159028] Found no committed offset for partition orders.processed-0
2026-03-04T22:26:02.857+04:00  INFO 13552 --- [aitility-thread] o.a.k.c.c.internals.SubscriptionState    : [Consumer clientId=consumer-test-group-b1f3e2aa-53b0-460a-81e3-4c2888159028-6, groupId=test-group-b1f3e2aa-53b0-460a-81e3-4c2888159028] Resetting offset for partition orders.processed-0 to position FetchPosition{offset=0, offsetEpoch=Optional.empty, currentLeader=LeaderAndEpoch{leader=Optional[localhost:55235 (id: 1 rack: null)], epoch=0}}.
2026-03-04T22:26:02.863+04:00  INFO 13552 --- [           main] kafka.tests.PositiveOrderTests           : <<< Test Passed: Standard
2026-03-04T22:26:02.867+04:00  INFO 13552 --- [           main] o.a.k.c.c.internals.ConsumerCoordinator  : [Consumer clientId=consumer-test-group-b1f3e2aa-53b0-460a-81e3-4c2888159028-6, groupId=test-group-b1f3e2aa-53b0-460a-81e3-4c2888159028] Revoke previously assigned partitions orders.processed-0
2026-03-04T22:26:02.867+04:00  INFO 13552 --- [           main] o.a.k.c.c.internals.ConsumerCoordinator  : [Consumer clientId=consumer-test-group-b1f3e2aa-53b0-460a-81e3-4c2888159028-6, groupId=test-group-b1f3e2aa-53b0-460a-81e3-4c2888159028] Member consumer-test-group-b1f3e2aa-53b0-460a-81e3-4c2888159028-6-414e584f-a6bb-4ee4-9891-82de352d5b2d sending LeaveGroup request to coordinator localhost:55235 (id: 2147483646 rack: null) due to the consumer is being closed
2026-03-04T22:26:02.868+04:00  INFO 13552 --- [           main] o.a.k.c.c.internals.ConsumerCoordinator  : [Consumer clientId=consumer-test-group-b1f3e2aa-53b0-460a-81e3-4c2888159028-6, groupId=test-group-b1f3e2aa-53b0-460a-81e3-4c2888159028] Resetting generation and member id due to: consumer pro-actively leaving the group
2026-03-04T22:26:02.868+04:00  INFO 13552 --- [           main] o.a.k.c.c.internals.ConsumerCoordinator  : [Consumer clientId=consumer-test-group-b1f3e2aa-53b0-460a-81e3-4c2888159028-6, groupId=test-group-b1f3e2aa-53b0-460a-81e3-4c2888159028] Request joining group due to: consumer pro-actively leaving the group
2026-03-04T22:26:03.369+04:00  INFO 13552 --- [           main] o.apache.kafka.common.metrics.Metrics    : Metrics scheduler closed
2026-03-04T22:26:03.369+04:00  INFO 13552 --- [           main] o.apache.kafka.common.metrics.Metrics    : Closing reporter org.apache.kafka.common.metrics.JmxReporter
2026-03-04T22:26:03.370+04:00  INFO 13552 --- [           main] o.apache.kafka.common.metrics.Metrics    : Metrics reporters closed
2026-03-04T22:26:03.373+04:00  INFO 13552 --- [           main] o.a.kafka.common.utils.AppInfoParser     : App info kafka.consumer for consumer-test-group-b1f3e2aa-53b0-460a-81e3-4c2888159028-6 unregistered
2026-03-04T22:26:03.373+04:00  INFO 13552 --- [           main] kafka.tests.BaseTest                     :  Consumer closed successfully
]]></system-out>
  </testcase>
  <testcase name="shouldAcceptValidOrders(String, double, String, OrderStatus, String)[2]" classname="kafka.tests.PositiveOrderTests" time="1.087">
    <system-out><![CDATA[2026-03-04T22:26:03.379+04:00  INFO 13552 --- [           main] o.a.k.clients.consumer.ConsumerConfig    : ConsumerConfig values: 
	allow.auto.create.topics = true
	auto.commit.interval.ms = 5000
	auto.include.jmx.reporter = true
	auto.offset.reset = earliest
	bootstrap.servers = [PLAINTEXT://localhost:55235]
	check.crcs = true
	client.dns.lookup = use_all_dns_ips
	client.id = consumer-test-group-cc13759b-fe25-4bb1-9384-704923f01687-7
	client.rack = 
	connections.max.idle.ms = 540000
	default.api.timeout.ms = 60000
	enable.auto.commit = true
	exclude.internal.topics = true
	fetch.max.bytes = 52428800
	fetch.max.wait.ms = 500
	fetch.min.bytes = 1
	group.id = test-group-cc13759b-fe25-4bb1-9384-704923f01687
	group.instance.id = null
	heartbeat.interval.ms = 3000
	interceptor.classes = []
	internal.leave.group.on.close = true
	internal.throw.on.fetch.stable.offset.unsupported = false
	isolation.level = read_uncommitted
	key.deserializer = class org.apache.kafka.common.serialization.StringDeserializer
	max.partition.fetch.bytes = 1048576
	max.poll.interval.ms = 300000
	max.poll.records = 500
	metadata.max.age.ms = 300000
	metric.reporters = []
	metrics.num.samples = 2
	metrics.recording.level = INFO
	metrics.sample.window.ms = 30000
	partition.assignment.strategy = [class org.apache.kafka.clients.consumer.RangeAssignor, class org.apache.kafka.clients.consumer.CooperativeStickyAssignor]
	receive.buffer.bytes = 65536
	reconnect.backoff.max.ms = 1000
	reconnect.backoff.ms = 50
	request.timeout.ms = 30000
	retry.backoff.ms = 100
	sasl.client.callback.handler.class = null
	sasl.jaas.config = null
	sasl.kerberos.kinit.cmd = /usr/bin/kinit
	sasl.kerberos.min.time.before.relogin = 60000
	sasl.kerberos.service.name = null
	sasl.kerberos.ticket.renew.jitter = 0.05
	sasl.kerberos.ticket.renew.window.factor = 0.8
	sasl.login.callback.handler.class = null
	sasl.login.class = null
	sasl.login.connect.timeout.ms = null
	sasl.login.read.timeout.ms = null
	sasl.login.refresh.buffer.seconds = 300
	sasl.login.refresh.min.period.seconds = 60
	sasl.login.refresh.window.factor = 0.8
	sasl.login.refresh.window.jitter = 0.05
	sasl.login.retry.backoff.max.ms = 10000
	sasl.login.retry.backoff.ms = 100
	sasl.mechanism = GSSAPI
	sasl.oauthbearer.clock.skew.seconds = 30
	sasl.oauthbearer.expected.audience = null
	sasl.oauthbearer.expected.issuer = null
	sasl.oauthbearer.jwks.endpoint.refresh.ms = 3600000
	sasl.oauthbearer.jwks.endpoint.retry.backoff.max.ms = 10000
	sasl.oauthbearer.jwks.endpoint.retry.backoff.ms = 100
	sasl.oauthbearer.jwks.endpoint.url = null
	sasl.oauthbearer.scope.claim.name = scope
	sasl.oauthbearer.sub.claim.name = sub
	sasl.oauthbearer.token.endpoint.url = null
	security.protocol = PLAINTEXT
	security.providers = null
	send.buffer.bytes = 131072
	session.timeout.ms = 45000
	socket.connection.setup.timeout.max.ms = 30000
	socket.connection.setup.timeout.ms = 10000
	ssl.cipher.suites = null
	ssl.enabled.protocols = [TLSv1.2, TLSv1.3]
	ssl.endpoint.identification.algorithm = https
	ssl.engine.factory.class = null
	ssl.key.password = null
	ssl.keymanager.algorithm = SunX509
	ssl.keystore.certificate.chain = null
	ssl.keystore.key = null
	ssl.keystore.location = null
	ssl.keystore.password = null
	ssl.keystore.type = JKS
	ssl.protocol = TLSv1.3
	ssl.provider = null
	ssl.secure.random.implementation = null
	ssl.trustmanager.algorithm = PKIX
	ssl.truststore.certificates = null
	ssl.truststore.location = null
	ssl.truststore.password = null
	ssl.truststore.type = JKS
	value.deserializer = class org.springframework.kafka.support.serializer.JsonDeserializer

2026-03-04T22:26:03.383+04:00  INFO 13552 --- [           main] o.a.kafka.common.utils.AppInfoParser     : Kafka version: 3.6.0
2026-03-04T22:26:03.383+04:00  INFO 13552 --- [           main] o.a.kafka.common.utils.AppInfoParser     : Kafka commitId: 60e845626d8a465a
2026-03-04T22:26:03.383+04:00  INFO 13552 --- [           main] o.a.kafka.common.utils.AppInfoParser     : Kafka startTimeMs: 1772648763383
2026-03-04T22:26:03.383+04:00  INFO 13552 --- [           main] kafka.tests.BaseTest                     : Kafka Test Environment Ready: PLAINTEXT://localhost:55235
2026-03-04T22:26:03.384+04:00  INFO 13552 --- [           main] kafka.tests.PositiveOrderTests           : >>> Start Positive Test: MIN
2026-03-04T22:26:03.391+04:00  INFO 13552 --- [           main] fkaConsumerFactory$ExtendedKafkaConsumer : [Consumer clientId=consumer-test-group-cc13759b-fe25-4bb1-9384-704923f01687-7, groupId=test-group-cc13759b-fe25-4bb1-9384-704923f01687] Subscribed to topic(s): orders.processed
2026-03-04T22:26:03.394+04:00  INFO 13552 --- [ntainer#0-0-C-1] c.example.kafka.Service.OrderProcessor   : Received order: POS-002
2026-03-04T22:26:03.394+04:00  INFO 13552 --- [ntainer#0-0-C-1] c.example.kafka.Service.OrderProcessor   : Order POS-002 accepted
2026-03-04T22:26:03.916+04:00  INFO 13552 --- [aitility-thread] org.apache.kafka.clients.Metadata        : [Consumer clientId=consumer-test-group-cc13759b-fe25-4bb1-9384-704923f01687-7, groupId=test-group-cc13759b-fe25-4bb1-9384-704923f01687] Cluster ID: Mu7AyKy1S_yYHTToY2sO5A
2026-03-04T22:26:03.917+04:00  INFO 13552 --- [aitility-thread] o.a.k.c.c.internals.ConsumerCoordinator  : [Consumer clientId=consumer-test-group-cc13759b-fe25-4bb1-9384-704923f01687-7, groupId=test-group-cc13759b-fe25-4bb1-9384-704923f01687] Discovered group coordinator localhost:55235 (id: 2147483646 rack: null)
2026-03-04T22:26:03.919+04:00  INFO 13552 --- [aitility-thread] o.a.k.c.c.internals.ConsumerCoordinator  : [Consumer clientId=consumer-test-group-cc13759b-fe25-4bb1-9384-704923f01687-7, groupId=test-group-cc13759b-fe25-4bb1-9384-704923f01687] (Re-)joining group
2026-03-04T22:26:03.925+04:00  INFO 13552 --- [aitility-thread] o.a.k.c.c.internals.ConsumerCoordinator  : [Consumer clientId=consumer-test-group-cc13759b-fe25-4bb1-9384-704923f01687-7, groupId=test-group-cc13759b-fe25-4bb1-9384-704923f01687] Request joining group due to: need to re-join with the given member-id: consumer-test-group-cc13759b-fe25-4bb1-9384-704923f01687-7-37732133-806d-47f7-b92a-f45fa847024f
2026-03-04T22:26:03.926+04:00  INFO 13552 --- [aitility-thread] o.a.k.c.c.internals.ConsumerCoordinator  : [Consumer clientId=consumer-test-group-cc13759b-fe25-4bb1-9384-704923f01687-7, groupId=test-group-cc13759b-fe25-4bb1-9384-704923f01687] Request joining group due to: rebalance failed due to 'The group member needs to have a valid member id before actually entering a consumer group.' (MemberIdRequiredException)
2026-03-04T22:26:03.926+04:00  INFO 13552 --- [aitility-thread] o.a.k.c.c.internals.ConsumerCoordinator  : [Consumer clientId=consumer-test-group-cc13759b-fe25-4bb1-9384-704923f01687-7, groupId=test-group-cc13759b-fe25-4bb1-9384-704923f01687] (Re-)joining group
2026-03-04T22:26:03.932+04:00  INFO 13552 --- [aitility-thread] o.a.k.c.c.internals.ConsumerCoordinator  : [Consumer clientId=consumer-test-group-cc13759b-fe25-4bb1-9384-704923f01687-7, groupId=test-group-cc13759b-fe25-4bb1-9384-704923f01687] Successfully joined group with generation Generation{generationId=1, memberId='consumer-test-group-cc13759b-fe25-4bb1-9384-704923f01687-7-37732133-806d-47f7-b92a-f45fa847024f', protocol='range'}
2026-03-04T22:26:03.932+04:00  INFO 13552 --- [aitility-thread] o.a.k.c.c.internals.ConsumerCoordinator  : [Consumer clientId=consumer-test-group-cc13759b-fe25-4bb1-9384-704923f01687-7, groupId=test-group-cc13759b-fe25-4bb1-9384-704923f01687] Finished assignment for group at generation 1: {consumer-test-group-cc13759b-fe25-4bb1-9384-704923f01687-7-37732133-806d-47f7-b92a-f45fa847024f=Assignment(partitions=[orders.processed-0])}
2026-03-04T22:26:03.938+04:00  INFO 13552 --- [aitility-thread] o.a.k.c.c.internals.ConsumerCoordinator  : [Consumer clientId=consumer-test-group-cc13759b-fe25-4bb1-9384-704923f01687-7, groupId=test-group-cc13759b-fe25-4bb1-9384-704923f01687] Successfully synced group in generation Generation{generationId=1, memberId='consumer-test-group-cc13759b-fe25-4bb1-9384-704923f01687-7-37732133-806d-47f7-b92a-f45fa847024f', protocol='range'}
2026-03-04T22:26:03.939+04:00  INFO 13552 --- [aitility-thread] o.a.k.c.c.internals.ConsumerCoordinator  : [Consumer clientId=consumer-test-group-cc13759b-fe25-4bb1-9384-704923f01687-7, groupId=test-group-cc13759b-fe25-4bb1-9384-704923f01687] Notifying assignor about the new Assignment(partitions=[orders.processed-0])
2026-03-04T22:26:03.939+04:00  INFO 13552 --- [aitility-thread] o.a.k.c.c.internals.ConsumerCoordinator  : [Consumer clientId=consumer-test-group-cc13759b-fe25-4bb1-9384-704923f01687-7, groupId=test-group-cc13759b-fe25-4bb1-9384-704923f01687] Adding newly assigned partitions: orders.processed-0
2026-03-04T22:26:03.943+04:00  INFO 13552 --- [aitility-thread] o.a.k.c.c.internals.ConsumerCoordinator  : [Consumer clientId=consumer-test-group-cc13759b-fe25-4bb1-9384-704923f01687-7, groupId=test-group-cc13759b-fe25-4bb1-9384-704923f01687] Found no committed offset for partition orders.processed-0
2026-03-04T22:26:03.950+04:00  INFO 13552 --- [aitility-thread] o.a.k.c.c.internals.SubscriptionState    : [Consumer clientId=consumer-test-group-cc13759b-fe25-4bb1-9384-704923f01687-7, groupId=test-group-cc13759b-fe25-4bb1-9384-704923f01687] Resetting offset for partition orders.processed-0 to position FetchPosition{offset=0, offsetEpoch=Optional.empty, currentLeader=LeaderAndEpoch{leader=Optional[localhost:55235 (id: 1 rack: null)], epoch=0}}.
2026-03-04T22:26:03.955+04:00  INFO 13552 --- [           main] kafka.tests.PositiveOrderTests           : <<< Test Passed: MIN
2026-03-04T22:26:03.960+04:00  INFO 13552 --- [           main] o.a.k.c.c.internals.ConsumerCoordinator  : [Consumer clientId=consumer-test-group-cc13759b-fe25-4bb1-9384-704923f01687-7, groupId=test-group-cc13759b-fe25-4bb1-9384-704923f01687] Revoke previously assigned partitions orders.processed-0
2026-03-04T22:26:03.960+04:00  INFO 13552 --- [           main] o.a.k.c.c.internals.ConsumerCoordinator  : [Consumer clientId=consumer-test-group-cc13759b-fe25-4bb1-9384-704923f01687-7, groupId=test-group-cc13759b-fe25-4bb1-9384-704923f01687] Member consumer-test-group-cc13759b-fe25-4bb1-9384-704923f01687-7-37732133-806d-47f7-b92a-f45fa847024f sending LeaveGroup request to coordinator localhost:55235 (id: 2147483646 rack: null) due to the consumer is being closed
2026-03-04T22:26:03.960+04:00  INFO 13552 --- [           main] o.a.k.c.c.internals.ConsumerCoordinator  : [Consumer clientId=consumer-test-group-cc13759b-fe25-4bb1-9384-704923f01687-7, groupId=test-group-cc13759b-fe25-4bb1-9384-704923f01687] Resetting generation and member id due to: consumer pro-actively leaving the group
2026-03-04T22:26:03.960+04:00  INFO 13552 --- [           main] o.a.k.c.c.internals.ConsumerCoordinator  : [Consumer clientId=consumer-test-group-cc13759b-fe25-4bb1-9384-704923f01687-7, groupId=test-group-cc13759b-fe25-4bb1-9384-704923f01687] Request joining group due to: consumer pro-actively leaving the group
2026-03-04T22:26:04.460+04:00  INFO 13552 --- [           main] o.apache.kafka.common.metrics.Metrics    : Metrics scheduler closed
2026-03-04T22:26:04.460+04:00  INFO 13552 --- [           main] o.apache.kafka.common.metrics.Metrics    : Closing reporter org.apache.kafka.common.metrics.JmxReporter
2026-03-04T22:26:04.460+04:00  INFO 13552 --- [           main] o.apache.kafka.common.metrics.Metrics    : Metrics reporters closed
2026-03-04T22:26:04.462+04:00  INFO 13552 --- [           main] o.a.kafka.common.utils.AppInfoParser     : App info kafka.consumer for consumer-test-group-cc13759b-fe25-4bb1-9384-704923f01687-7 unregistered
2026-03-04T22:26:04.463+04:00  INFO 13552 --- [           main] kafka.tests.BaseTest                     :  Consumer closed successfully
]]></system-out>
  </testcase>
  <testcase name="shouldAcceptValidOrders(String, double, String, OrderStatus, String)[3]" classname="kafka.tests.PositiveOrderTests" time="1.056">
    <system-out><![CDATA[2026-03-04T22:26:04.468+04:00  INFO 13552 --- [           main] o.a.k.clients.consumer.ConsumerConfig    : ConsumerConfig values: 
	allow.auto.create.topics = true
	auto.commit.interval.ms = 5000
	auto.include.jmx.reporter = true
	auto.offset.reset = earliest
	bootstrap.servers = [PLAINTEXT://localhost:55235]
	check.crcs = true
	client.dns.lookup = use_all_dns_ips
	client.id = consumer-test-group-1f4db59d-6bb7-4acc-8c2c-fb8e603d5e29-8
	client.rack = 
	connections.max.idle.ms = 540000
	default.api.timeout.ms = 60000
	enable.auto.commit = true
	exclude.internal.topics = true
	fetch.max.bytes = 52428800
	fetch.max.wait.ms = 500
	fetch.min.bytes = 1
	group.id = test-group-1f4db59d-6bb7-4acc-8c2c-fb8e603d5e29
	group.instance.id = null
	heartbeat.interval.ms = 3000
	interceptor.classes = []
	internal.leave.group.on.close = true
	internal.throw.on.fetch.stable.offset.unsupported = false
	isolation.level = read_uncommitted
	key.deserializer = class org.apache.kafka.common.serialization.StringDeserializer
	max.partition.fetch.bytes = 1048576
	max.poll.interval.ms = 300000
	max.poll.records = 500
	metadata.max.age.ms = 300000
	metric.reporters = []
	metrics.num.samples = 2
	metrics.recording.level = INFO
	metrics.sample.window.ms = 30000
	partition.assignment.strategy = [class org.apache.kafka.clients.consumer.RangeAssignor, class org.apache.kafka.clients.consumer.CooperativeStickyAssignor]
	receive.buffer.bytes = 65536
	reconnect.backoff.max.ms = 1000
	reconnect.backoff.ms = 50
	request.timeout.ms = 30000
	retry.backoff.ms = 100
	sasl.client.callback.handler.class = null
	sasl.jaas.config = null
	sasl.kerberos.kinit.cmd = /usr/bin/kinit
	sasl.kerberos.min.time.before.relogin = 60000
	sasl.kerberos.service.name = null
	sasl.kerberos.ticket.renew.jitter = 0.05
	sasl.kerberos.ticket.renew.window.factor = 0.8
	sasl.login.callback.handler.class = null
	sasl.login.class = null
	sasl.login.connect.timeout.ms = null
	sasl.login.read.timeout.ms = null
	sasl.login.refresh.buffer.seconds = 300
	sasl.login.refresh.min.period.seconds = 60
	sasl.login.refresh.window.factor = 0.8
	sasl.login.refresh.window.jitter = 0.05
	sasl.login.retry.backoff.max.ms = 10000
	sasl.login.retry.backoff.ms = 100
	sasl.mechanism = GSSAPI
	sasl.oauthbearer.clock.skew.seconds = 30
	sasl.oauthbearer.expected.audience = null
	sasl.oauthbearer.expected.issuer = null
	sasl.oauthbearer.jwks.endpoint.refresh.ms = 3600000
	sasl.oauthbearer.jwks.endpoint.retry.backoff.max.ms = 10000
	sasl.oauthbearer.jwks.endpoint.retry.backoff.ms = 100
	sasl.oauthbearer.jwks.endpoint.url = null
	sasl.oauthbearer.scope.claim.name = scope
	sasl.oauthbearer.sub.claim.name = sub
	sasl.oauthbearer.token.endpoint.url = null
	security.protocol = PLAINTEXT
	security.providers = null
	send.buffer.bytes = 131072
	session.timeout.ms = 45000
	socket.connection.setup.timeout.max.ms = 30000
	socket.connection.setup.timeout.ms = 10000
	ssl.cipher.suites = null
	ssl.enabled.protocols = [TLSv1.2, TLSv1.3]
	ssl.endpoint.identification.algorithm = https
	ssl.engine.factory.class = null
	ssl.key.password = null
	ssl.keymanager.algorithm = SunX509
	ssl.keystore.certificate.chain = null
	ssl.keystore.key = null
	ssl.keystore.location = null
	ssl.keystore.password = null
	ssl.keystore.type = JKS
	ssl.protocol = TLSv1.3
	ssl.provider = null
	ssl.secure.random.implementation = null
	ssl.trustmanager.algorithm = PKIX
	ssl.truststore.certificates = null
	ssl.truststore.location = null
	ssl.truststore.password = null
	ssl.truststore.type = JKS
	value.deserializer = class org.springframework.kafka.support.serializer.JsonDeserializer

2026-03-04T22:26:04.472+04:00  INFO 13552 --- [           main] o.a.kafka.common.utils.AppInfoParser     : Kafka version: 3.6.0
2026-03-04T22:26:04.472+04:00  INFO 13552 --- [           main] o.a.kafka.common.utils.AppInfoParser     : Kafka commitId: 60e845626d8a465a
2026-03-04T22:26:04.472+04:00  INFO 13552 --- [           main] o.a.kafka.common.utils.AppInfoParser     : Kafka startTimeMs: 1772648764472
2026-03-04T22:26:04.473+04:00  INFO 13552 --- [           main] kafka.tests.BaseTest                     : Kafka Test Environment Ready: PLAINTEXT://localhost:55235
2026-03-04T22:26:04.473+04:00  INFO 13552 --- [           main] kafka.tests.PositiveOrderTests           : >>> Start Positive Test: MAX
2026-03-04T22:26:04.478+04:00  INFO 13552 --- [           main] fkaConsumerFactory$ExtendedKafkaConsumer : [Consumer clientId=consumer-test-group-1f4db59d-6bb7-4acc-8c2c-fb8e603d5e29-8, groupId=test-group-1f4db59d-6bb7-4acc-8c2c-fb8e603d5e29] Subscribed to topic(s): orders.processed
2026-03-04T22:26:04.481+04:00  INFO 13552 --- [ntainer#0-0-C-1] c.example.kafka.Service.OrderProcessor   : Received order: POS-003
2026-03-04T22:26:04.481+04:00  INFO 13552 --- [ntainer#0-0-C-1] c.example.kafka.Service.OrderProcessor   : Order POS-003 accepted
2026-03-04T22:26:04.987+04:00  INFO 13552 --- [aitility-thread] org.apache.kafka.clients.Metadata        : [Consumer clientId=consumer-test-group-1f4db59d-6bb7-4acc-8c2c-fb8e603d5e29-8, groupId=test-group-1f4db59d-6bb7-4acc-8c2c-fb8e603d5e29] Cluster ID: Mu7AyKy1S_yYHTToY2sO5A
2026-03-04T22:26:04.988+04:00  INFO 13552 --- [aitility-thread] o.a.k.c.c.internals.ConsumerCoordinator  : [Consumer clientId=consumer-test-group-1f4db59d-6bb7-4acc-8c2c-fb8e603d5e29-8, groupId=test-group-1f4db59d-6bb7-4acc-8c2c-fb8e603d5e29] Discovered group coordinator localhost:55235 (id: 2147483646 rack: null)
2026-03-04T22:26:04.989+04:00  INFO 13552 --- [aitility-thread] o.a.k.c.c.internals.ConsumerCoordinator  : [Consumer clientId=consumer-test-group-1f4db59d-6bb7-4acc-8c2c-fb8e603d5e29-8, groupId=test-group-1f4db59d-6bb7-4acc-8c2c-fb8e603d5e29] (Re-)joining group
2026-03-04T22:26:04.993+04:00  INFO 13552 --- [aitility-thread] o.a.k.c.c.internals.ConsumerCoordinator  : [Consumer clientId=consumer-test-group-1f4db59d-6bb7-4acc-8c2c-fb8e603d5e29-8, groupId=test-group-1f4db59d-6bb7-4acc-8c2c-fb8e603d5e29] Request joining group due to: need to re-join with the given member-id: consumer-test-group-1f4db59d-6bb7-4acc-8c2c-fb8e603d5e29-8-775fc6cf-1781-4f64-9060-ef1726574a77
2026-03-04T22:26:04.993+04:00  INFO 13552 --- [aitility-thread] o.a.k.c.c.internals.ConsumerCoordinator  : [Consumer clientId=consumer-test-group-1f4db59d-6bb7-4acc-8c2c-fb8e603d5e29-8, groupId=test-group-1f4db59d-6bb7-4acc-8c2c-fb8e603d5e29] Request joining group due to: rebalance failed due to 'The group member needs to have a valid member id before actually entering a consumer group.' (MemberIdRequiredException)
2026-03-04T22:26:04.993+04:00  INFO 13552 --- [aitility-thread] o.a.k.c.c.internals.ConsumerCoordinator  : [Consumer clientId=consumer-test-group-1f4db59d-6bb7-4acc-8c2c-fb8e603d5e29-8, groupId=test-group-1f4db59d-6bb7-4acc-8c2c-fb8e603d5e29] (Re-)joining group
2026-03-04T22:26:04.998+04:00  INFO 13552 --- [aitility-thread] o.a.k.c.c.internals.ConsumerCoordinator  : [Consumer clientId=consumer-test-group-1f4db59d-6bb7-4acc-8c2c-fb8e603d5e29-8, groupId=test-group-1f4db59d-6bb7-4acc-8c2c-fb8e603d5e29] Successfully joined group with generation Generation{generationId=1, memberId='consumer-test-group-1f4db59d-6bb7-4acc-8c2c-fb8e603d5e29-8-775fc6cf-1781-4f64-9060-ef1726574a77', protocol='range'}
2026-03-04T22:26:04.999+04:00  INFO 13552 --- [aitility-thread] o.a.k.c.c.internals.ConsumerCoordinator  : [Consumer clientId=consumer-test-group-1f4db59d-6bb7-4acc-8c2c-fb8e603d5e29-8, groupId=test-group-1f4db59d-6bb7-4acc-8c2c-fb8e603d5e29] Finished assignment for group at generation 1: {consumer-test-group-1f4db59d-6bb7-4acc-8c2c-fb8e603d5e29-8-775fc6cf-1781-4f64-9060-ef1726574a77=Assignment(partitions=[orders.processed-0])}
2026-03-04T22:26:05.003+04:00  INFO 13552 --- [aitility-thread] o.a.k.c.c.internals.ConsumerCoordinator  : [Consumer clientId=consumer-test-group-1f4db59d-6bb7-4acc-8c2c-fb8e603d5e29-8, groupId=test-group-1f4db59d-6bb7-4acc-8c2c-fb8e603d5e29] Successfully synced group in generation Generation{generationId=1, memberId='consumer-test-group-1f4db59d-6bb7-4acc-8c2c-fb8e603d5e29-8-775fc6cf-1781-4f64-9060-ef1726574a77', protocol='range'}
2026-03-04T22:26:05.003+04:00  INFO 13552 --- [aitility-thread] o.a.k.c.c.internals.ConsumerCoordinator  : [Consumer clientId=consumer-test-group-1f4db59d-6bb7-4acc-8c2c-fb8e603d5e29-8, groupId=test-group-1f4db59d-6bb7-4acc-8c2c-fb8e603d5e29] Notifying assignor about the new Assignment(partitions=[orders.processed-0])
2026-03-04T22:26:05.003+04:00  INFO 13552 --- [aitility-thread] o.a.k.c.c.internals.ConsumerCoordinator  : [Consumer clientId=consumer-test-group-1f4db59d-6bb7-4acc-8c2c-fb8e603d5e29-8, groupId=test-group-1f4db59d-6bb7-4acc-8c2c-fb8e603d5e29] Adding newly assigned partitions: orders.processed-0
2026-03-04T22:26:05.005+04:00  INFO 13552 --- [aitility-thread] o.a.k.c.c.internals.ConsumerCoordinator  : [Consumer clientId=consumer-test-group-1f4db59d-6bb7-4acc-8c2c-fb8e603d5e29-8, groupId=test-group-1f4db59d-6bb7-4acc-8c2c-fb8e603d5e29] Found no committed offset for partition orders.processed-0
2026-03-04T22:26:05.010+04:00  INFO 13552 --- [aitility-thread] o.a.k.c.c.internals.SubscriptionState    : [Consumer clientId=consumer-test-group-1f4db59d-6bb7-4acc-8c2c-fb8e603d5e29-8, groupId=test-group-1f4db59d-6bb7-4acc-8c2c-fb8e603d5e29] Resetting offset for partition orders.processed-0 to position FetchPosition{offset=0, offsetEpoch=Optional.empty, currentLeader=LeaderAndEpoch{leader=Optional[localhost:55235 (id: 1 rack: null)], epoch=0}}.
2026-03-04T22:26:05.015+04:00  INFO 13552 --- [           main] kafka.tests.PositiveOrderTests           : <<< Test Passed: MAX
2026-03-04T22:26:05.020+04:00  INFO 13552 --- [           main] o.a.k.c.c.internals.ConsumerCoordinator  : [Consumer clientId=consumer-test-group-1f4db59d-6bb7-4acc-8c2c-fb8e603d5e29-8, groupId=test-group-1f4db59d-6bb7-4acc-8c2c-fb8e603d5e29] Revoke previously assigned partitions orders.processed-0
2026-03-04T22:26:05.020+04:00  INFO 13552 --- [           main] o.a.k.c.c.internals.ConsumerCoordinator  : [Consumer clientId=consumer-test-group-1f4db59d-6bb7-4acc-8c2c-fb8e603d5e29-8, groupId=test-group-1f4db59d-6bb7-4acc-8c2c-fb8e603d5e29] Member consumer-test-group-1f4db59d-6bb7-4acc-8c2c-fb8e603d5e29-8-775fc6cf-1781-4f64-9060-ef1726574a77 sending LeaveGroup request to coordinator localhost:55235 (id: 2147483646 rack: null) due to the consumer is being closed
2026-03-04T22:26:05.021+04:00  INFO 13552 --- [           main] o.a.k.c.c.internals.ConsumerCoordinator  : [Consumer clientId=consumer-test-group-1f4db59d-6bb7-4acc-8c2c-fb8e603d5e29-8, groupId=test-group-1f4db59d-6bb7-4acc-8c2c-fb8e603d5e29] Resetting generation and member id due to: consumer pro-actively leaving the group
2026-03-04T22:26:05.021+04:00  INFO 13552 --- [           main] o.a.k.c.c.internals.ConsumerCoordinator  : [Consumer clientId=consumer-test-group-1f4db59d-6bb7-4acc-8c2c-fb8e603d5e29-8, groupId=test-group-1f4db59d-6bb7-4acc-8c2c-fb8e603d5e29] Request joining group due to: consumer pro-actively leaving the group
2026-03-04T22:26:05.520+04:00  INFO 13552 --- [           main] o.apache.kafka.common.metrics.Metrics    : Metrics scheduler closed
2026-03-04T22:26:05.520+04:00  INFO 13552 --- [           main] o.apache.kafka.common.metrics.Metrics    : Closing reporter org.apache.kafka.common.metrics.JmxReporter
2026-03-04T22:26:05.520+04:00  INFO 13552 --- [           main] o.apache.kafka.common.metrics.Metrics    : Metrics reporters closed
2026-03-04T22:26:05.522+04:00  INFO 13552 --- [           main] o.a.kafka.common.utils.AppInfoParser     : App info kafka.consumer for consumer-test-group-1f4db59d-6bb7-4acc-8c2c-fb8e603d5e29-8 unregistered
2026-03-04T22:26:05.522+04:00  INFO 13552 --- [           main] kafka.tests.BaseTest                     :  Consumer closed successfully
]]></system-out>
  </testcase>
</testsuite>